Using pre-set license
Built from '2020.3/staging' branch; Version is '2020.3.25f1 (9b9180224418) revision 10195328'; Using compiler version '192528614'; Build Type 'Release'
OS: 'Windows 10  (10.0.19043) 64bit Enterprise' Language: 'en' Physical Memory: 16300 MB
BatchMode: 1, IsHumanControllingUs: 0, StartBugReporterOnCrash: 0, Is64bit: 1, IsPro: 0

COMMAND LINE ARGUMENTS:
D:\UnityVersion\2020.3.25f1\Editor\Unity.exe
-adb2
-batchMode
-noUpm
-name
AssetImportWorker3
-projectPath
D:/GithubProject/MythVFX
-logFile
Logs/AssetImportWorker3.log
-srvPort
62844
Successfully changed project path to: D:/GithubProject/MythVFX
D:/GithubProject/MythVFX
Using Asset Import Pipeline V2.
Refreshing native plugins compatible for Editor in 124.12 ms, found 4 plugins.
Preloading 0 native plugins for Editor in 0.00 ms.
Initialize engine version: 2020.3.25f1 (9b9180224418)
[Subsystems] Discovering subsystems at path D:/UnityVersion/2020.3.25f1/Editor/Data/Resources/UnitySubsystems
[Subsystems] Discovering subsystems at path D:/GithubProject/MythVFX/Assets
GfxDevice: creating device client; threaded=0
Direct3D:
    Version:  Direct3D 11.0 [level 11.1]
    Renderer: NVIDIA GeForce GTX 1050 Ti (ID=0x1c82)
    Vendor:   
    VRAM:     4018 MB
    Driver:   30.0.15.1259
Initialize mono
Mono path[0] = 'D:/UnityVersion/2020.3.25f1/Editor/Data/Managed'
Mono path[1] = 'D:/UnityVersion/2020.3.25f1/Editor/Data/MonoBleedingEdge/lib/mono/unityjit'
Mono config path = 'D:/UnityVersion/2020.3.25f1/Editor/Data/MonoBleedingEdge/etc'
Using monoOptions --debugger-agent=transport=dt_socket,embedding=1,server=y,suspend=n,address=127.0.0.1:56612
Begin MonoManager ReloadAssembly
Registering precompiled unity dll's ...
Register platform support module: D:/UnityVersion/2020.3.25f1/Editor/Data/PlaybackEngines/WindowsStandaloneSupport/UnityEditor.WindowsStandalone.Extensions.dll
Registered in 0.001070 seconds.
Native extension for WindowsStandalone target not found
Refreshing native plugins compatible for Editor in 108.26 ms, found 4 plugins.
Preloading 0 native plugins for Editor in 0.00 ms.
Mono: successfully reloaded assembly
- Completed reload, in  0.624 seconds
Domain Reload Profiling:
	ReloadAssembly (624ms)
		BeginReloadAssembly (53ms)
			ExecutionOrderSort (0ms)
			DisableScriptedObjects (0ms)
			BackupInstance (0ms)
			ReleaseScriptingObjects (0ms)
			CreateAndSetChildDomain (1ms)
		EndReloadAssembly (509ms)
			LoadAssemblies (52ms)
			RebuildTransferFunctionScriptingTraits (0ms)
			SetupTypeCache (149ms)
			ReleaseScriptCaches (0ms)
			RebuildScriptCaches (28ms)
			SetupLoadedEditorAssemblies (238ms)
				LogAssemblyErrors (0ms)
				InitializePlatformSupportModulesInManaged (4ms)
				SetLoadedEditorAssemblies (0ms)
				RefreshPlugins (108ms)
				BeforeProcessingInitializeOnLoad (13ms)
				ProcessInitializeOnLoadAttributes (87ms)
				ProcessInitializeOnLoadMethodAttributes (25ms)
				AfterProcessingInitializeOnLoad (0ms)
				EditorAssembliesLoaded (0ms)
			ExecutionOrderSort2 (0ms)
			AwakeInstancesAfterBackupRestoration (0ms)
Platform modules already initialized, skipping
Registering precompiled user dll's ...
Registered in 0.004613 seconds.
Begin MonoManager ReloadAssembly
Native extension for WindowsStandalone target not found
Refreshing native plugins compatible for Editor in 158.12 ms, found 4 plugins.
Preloading 0 native plugins for Editor in 0.00 ms.
Mono: successfully reloaded assembly
- Completed reload, in  3.041 seconds
Domain Reload Profiling:
	ReloadAssembly (3041ms)
		BeginReloadAssembly (133ms)
			ExecutionOrderSort (0ms)
			DisableScriptedObjects (4ms)
			BackupInstance (0ms)
			ReleaseScriptingObjects (0ms)
			CreateAndSetChildDomain (16ms)
		EndReloadAssembly (2860ms)
			LoadAssemblies (1404ms)
			RebuildTransferFunctionScriptingTraits (0ms)
			SetupTypeCache (490ms)
			ReleaseScriptCaches (1ms)
			RebuildScriptCaches (103ms)
			SetupLoadedEditorAssemblies (745ms)
				LogAssemblyErrors (0ms)
				InitializePlatformSupportModulesInManaged (3ms)
				SetLoadedEditorAssemblies (0ms)
				RefreshPlugins (158ms)
				BeforeProcessingInitializeOnLoad (100ms)
				ProcessInitializeOnLoadAttributes (330ms)
				ProcessInitializeOnLoadMethodAttributes (152ms)
				AfterProcessingInitializeOnLoad (2ms)
				EditorAssembliesLoaded (0ms)
			ExecutionOrderSort2 (0ms)
			AwakeInstancesAfterBackupRestoration (10ms)
Platform modules already initialized, skipping
========================================================================
Worker process is ready to serve import requests
Launched and connected shader compiler UnityShaderCompiler.exe after 0.18 seconds
Refreshing native plugins compatible for Editor in 1.24 ms, found 4 plugins.
Preloading 0 native plugins for Editor in 0.00 ms.
Unloading 4563 Unused Serialized files (Serialized files now loaded: 0)
System memory in use before: 305.8 MB.
System memory in use after: 306.0 MB.

Unloading 35 unused Assets to reduce memory usage. Loaded Objects now: 5005.
Total: 3.432000 ms (FindLiveObjects: 0.368500 ms CreateObjectMapping: 0.274200 ms MarkObjects: 2.589700 ms  DeleteObjects: 0.198600 ms)

AssetImportParameters requested are different than current active one (requested -> active):
  custom:framework-win-MediaFoundation: 216162199b28c13a410421893ffa2e32 -> 
  custom:video-decoder-ogg-theora: a1e56fd34408186e4bbccfd4996cb3dc -> 
  custom:container-muxer-webm: aa71ff27fc2769a1b78a27578f13a17b -> 
  custom:container-demuxer-webm: 4f35f7cbe854078d1ac9338744f61a02 -> 
  custom:container-demuxer-ogg: 62fdf1f143b41e24485cea50d1cbac27 -> 
  custom:video-encoder-webm-vp8: eb34c28f22e8b96e1ab97ce403110664 -> 
  custom:video-decoder-webm-vp8: 9c59270c3fd7afecdb556c50c9e8de78 -> 
  custom:audio-decoder-ogg-vorbis: bf7c407c2cedff20999df2af8eb42d56 -> 
  custom:audio-encoder-webm-vorbis: bf7c407c2cedff20999df2af8eb42d56 -> 
========================================================================
Received Import Request.
  path: Assets/VFX/_NgchipvVFX/VFXBonus/GodIconSkill/Materials/M_GodIconSkill_Locked.mat
  artifactKey: Guid(775ef8468d7c429418c1d1fd0ffd1ebc) Importer(815301076,1909f56bfc062723c751e8b465ee728b)
Start importing Assets/VFX/_NgchipvVFX/VFXBonus/GodIconSkill/Materials/M_GodIconSkill_Locked.mat using Guid(775ef8468d7c429418c1d1fd0ffd1ebc) Importer(815301076,1909f56bfc062723c751e8b465ee728b)  -> (artifact id: 'e1a461a7eb12937460a1fad531ddadfc') in 1.909111 seconds 
  Import took 2.134597 seconds .

========================================================================
Received Import Request.
  Time since last request: 0.000255 seconds.
  path: Assets/VFX/_NgchipvVFX/VFXBonus/GodIconSkill/Materials/M_HexagonFlare.mat
  artifactKey: Guid(4150628a6628a67429205eb2df82e3b6) Importer(815301076,1909f56bfc062723c751e8b465ee728b)
Start importing Assets/VFX/_NgchipvVFX/VFXBonus/GodIconSkill/Materials/M_HexagonFlare.mat using Guid(4150628a6628a67429205eb2df82e3b6) Importer(815301076,1909f56bfc062723c751e8b465ee728b)  -> (artifact id: '0d9a3f83cfd3e4c557f53d20b3f7f83d') in 0.209631 seconds 
  Import took 0.355284 seconds .

========================================================================
Received Import Request.
  Time since last request: 0.000241 seconds.
  path: Assets/VFX/_NgchipvVFX/VFXBonus/GodIconSkill/Source/GodIconSkillAura.fbx
  artifactKey: Guid(f9de0c1baa94e5d4a9c3f060d3736dae) Importer(815301076,1909f56bfc062723c751e8b465ee728b)
Start importing Assets/VFX/_NgchipvVFX/VFXBonus/GodIconSkill/Source/GodIconSkillAura.fbx using Guid(f9de0c1baa94e5d4a9c3f060d3736dae) Importer(815301076,1909f56bfc062723c751e8b465ee728b)  -> (artifact id: 'ef84b3cb4391e50865fd3ef41c8095da') in 0.246848 seconds 
  Import took 0.333823 seconds .

========================================================================
Received Import Request.
  Time since last request: 0.000177 seconds.
  path: Assets/VFX/_NgchipvVFX/VFXBonus/God_IconUI/Materials/M_TrailGodIconLighter.mat
  artifactKey: Guid(0fd87247dbf6a8541b461d447f09bde4) Importer(815301076,1909f56bfc062723c751e8b465ee728b)
Start importing Assets/VFX/_NgchipvVFX/VFXBonus/God_IconUI/Materials/M_TrailGodIconLighter.mat using Guid(0fd87247dbf6a8541b461d447f09bde4) Importer(815301076,1909f56bfc062723c751e8b465ee728b)  -> (artifact id: '62be350dce8f927eec61446187876e9c') in 0.156732 seconds 
  Import took 0.254660 seconds .

========================================================================
Received Import Request.
  Time since last request: 0.000284 seconds.
  path: Assets/VFX/_NgchipvVFX/VFXBonus/God_IconUI/New Scene/Global Volume Profile.asset
  artifactKey: Guid(5af699c29f81e474c9dacb5584782229) Importer(815301076,1909f56bfc062723c751e8b465ee728b)
Start importing Assets/VFX/_NgchipvVFX/VFXBonus/God_IconUI/New Scene/Global Volume Profile.asset using Guid(5af699c29f81e474c9dacb5584782229) Importer(815301076,1909f56bfc062723c751e8b465ee728b)  -> (artifact id: '4e884fc914b573a96cc8bbc0abdb8256') in 0.029756 seconds 
  Import took 0.072909 seconds .

========================================================================
Received Import Request.
  Time since last request: 0.000261 seconds.
  path: Assets/VFX/_NgchipvVFX/VFXBonus/Sword/Source
  artifactKey: Guid(96aca028d3519df4397effad10a70f98) Importer(815301076,1909f56bfc062723c751e8b465ee728b)
Start importing Assets/VFX/_NgchipvVFX/VFXBonus/Sword/Source using Guid(96aca028d3519df4397effad10a70f98) Importer(815301076,1909f56bfc062723c751e8b465ee728b)  -> (artifact id: 'c0c184c32f3f3decd1653c6a27199bf0') in 0.029315 seconds 
  Import took 0.082004 seconds .

========================================================================
Received Import Request.
  Time since last request: 0.000145 seconds.
  path: Assets/VFX/_NgchipvVFX/VFXBonus/Link/CurveLine.fbx
  artifactKey: Guid(3f0f91a1e70e7414483426b4c287f2f1) Importer(815301076,1909f56bfc062723c751e8b465ee728b)
Start importing Assets/VFX/_NgchipvVFX/VFXBonus/Link/CurveLine.fbx using Guid(3f0f91a1e70e7414483426b4c287f2f1) Importer(815301076,1909f56bfc062723c751e8b465ee728b)  -> (artifact id: 'e245c7678f4e6500263ea8ff3888b0b4') in 0.042805 seconds 
  Import took 0.081374 seconds .

========================================================================
Received Import Request.
  Time since last request: 0.000233 seconds.
  path: Assets/VFX/_NgchipvVFX/VFXBonus/Sword/Source/LightTrail.fbx
  artifactKey: Guid(062b500568b7d22498f901cb699930ef) Importer(815301076,1909f56bfc062723c751e8b465ee728b)
Start importing Assets/VFX/_NgchipvVFX/VFXBonus/Sword/Source/LightTrail.fbx using Guid(062b500568b7d22498f901cb699930ef) Importer(815301076,1909f56bfc062723c751e8b465ee728b)  -> (artifact id: 'b619b83c5088483026f70dc6845a773d') in 0.127811 seconds 
  Import took 0.221955 seconds .

========================================================================
Received Import Request.
  Time since last request: 0.000311 seconds.
  path: Assets/VFX/_NgchipvVFX/VFXBonus/GodIconSkill/Materials/M_GodIcoLockAura.mat
  artifactKey: Guid(4086ed8c9eadf3841ba9eb65723a9ed4) Importer(815301076,1909f56bfc062723c751e8b465ee728b)
Start importing Assets/VFX/_NgchipvVFX/VFXBonus/GodIconSkill/Materials/M_GodIcoLockAura.mat using Guid(4086ed8c9eadf3841ba9eb65723a9ed4) Importer(815301076,1909f56bfc062723c751e8b465ee728b)  -> (artifact id: 'de30bc48d9056a846f785d0adffe3516') in 0.501369 seconds 
  Import took 0.637143 seconds .

========================================================================
Received Import Request.
  Time since last request: 0.000242 seconds.
  path: Assets/VFX/_NgchipvVFX/VFXBonus/GodIconSkill/Prefab/GodButton_Activable.prefab
  artifactKey: Guid(d4315360ae23f3044918d865785dff62) Importer(815301076,1909f56bfc062723c751e8b465ee728b)
Start importing Assets/VFX/_NgchipvVFX/VFXBonus/GodIconSkill/Prefab/GodButton_Activable.prefab using Guid(d4315360ae23f3044918d865785dff62) Importer(815301076,1909f56bfc062723c751e8b465ee728b)  -> (artifact id: '02a4b31f5b5ef60501166dcdb2fa0a08') in 1.043697 seconds 
  Import took 1.172824 seconds .

========================================================================
Received Import Request.
  Time since last request: 0.000209 seconds.
  path: Assets/VFX/_NgchipvVFX/VFXBonus/God_IconUI/Prefab
  artifactKey: Guid(6c8c8461dfbc372498cb32704711e8ad) Importer(815301076,1909f56bfc062723c751e8b465ee728b)
Start importing Assets/VFX/_NgchipvVFX/VFXBonus/God_IconUI/Prefab using Guid(6c8c8461dfbc372498cb32704711e8ad) Importer(815301076,1909f56bfc062723c751e8b465ee728b)  -> (artifact id: 'd91d160018d68a637a6e675d3872b2da') in 0.026252 seconds 
  Import took 0.116519 seconds .

========================================================================
Received Import Request.
  Time since last request: 0.000230 seconds.
  path: Assets/VFX/_NgchipvVFX/VFXBonus/Sword/Source/TrailLight.png
  artifactKey: Guid(240cc3ae73c921744a0dc4ed18920ae2) Importer(815301076,1909f56bfc062723c751e8b465ee728b)
Start importing Assets/VFX/_NgchipvVFX/VFXBonus/Sword/Source/TrailLight.png using Guid(240cc3ae73c921744a0dc4ed18920ae2) Importer(815301076,1909f56bfc062723c751e8b465ee728b)  -> (artifact id: '6b1e7329735db11e78198bf78fc32a10') in 0.655455 seconds 
  Import took 0.736694 seconds .

========================================================================
Received Import Request.
  Time since last request: 0.000203 seconds.
  path: Assets/VFX/_NgchipvVFX/VFXBonus/Link/CurveLine2.fbx
  artifactKey: Guid(facf16409cbb3b048a035248da630fe3) Importer(815301076,1909f56bfc062723c751e8b465ee728b)
Start importing Assets/VFX/_NgchipvVFX/VFXBonus/Link/CurveLine2.fbx using Guid(facf16409cbb3b048a035248da630fe3) Importer(815301076,1909f56bfc062723c751e8b465ee728b)  -> (artifact id: 'fb66bb5d11f4742865e674ef2e3afcbe') in 0.076488 seconds 
  Import took 0.217438 seconds .

========================================================================
Received Import Request.
  Time since last request: 0.000298 seconds.
  path: Assets/VFX/_NgchipvVFX/VFXBonus/GodIconSkill/Materials/M_Flare.mat
  artifactKey: Guid(b1b9e7123ba1e2b4aa1d0c55c0bcbf7c) Importer(815301076,1909f56bfc062723c751e8b465ee728b)
Start importing Assets/VFX/_NgchipvVFX/VFXBonus/GodIconSkill/Materials/M_Flare.mat using Guid(b1b9e7123ba1e2b4aa1d0c55c0bcbf7c) Importer(815301076,1909f56bfc062723c751e8b465ee728b)  -> (artifact id: '1b3dadc6c413ffb82b2cecdeef17c65f') in 0.137962 seconds 
  Import took 0.229994 seconds .

========================================================================
Received Import Request.
  Time since last request: 0.000259 seconds.
  path: Assets/VFX/_NgchipvVFX/VFXBonus/GodIconSkill/Materials/M_IconInSide.mat
  artifactKey: Guid(a79e8b14f70c30541aae450830684f50) Importer(815301076,1909f56bfc062723c751e8b465ee728b)
Start importing Assets/VFX/_NgchipvVFX/VFXBonus/GodIconSkill/Materials/M_IconInSide.mat using Guid(a79e8b14f70c30541aae450830684f50) Importer(815301076,1909f56bfc062723c751e8b465ee728b)  -> (artifact id: 'edff24731c79147c3a0e6527b58e2f47') in 0.103909 seconds 
  Import took 0.172481 seconds .

========================================================================
Received Import Request.
  Time since last request: 0.000214 seconds.
  path: Assets/VFX/_NgchipvVFX/VFXBonus/God_IconUI/Prefab/CardGodIconUI.prefab
  artifactKey: Guid(e29d5161141f76342b53805c3d9b1c83) Importer(815301076,1909f56bfc062723c751e8b465ee728b)
Start importing Assets/VFX/_NgchipvVFX/VFXBonus/God_IconUI/Prefab/CardGodIconUI.prefab using Guid(e29d5161141f76342b53805c3d9b1c83) Importer(815301076,1909f56bfc062723c751e8b465ee728b)  -> (artifact id: 'dbf210b8e75cd49011cec332ab3822bd') in 0.372149 seconds 
  Import took 0.405386 seconds .

========================================================================
Received Import Request.
  Time since last request: 0.000214 seconds.
  path: Assets/VFX/_NgchipvVFX/VFXBonus/Sword/Source/M_Trail.mat
  artifactKey: Guid(300e9a2c3ae3afb4aa226a50de37288d) Importer(815301076,1909f56bfc062723c751e8b465ee728b)
Start importing Assets/VFX/_NgchipvVFX/VFXBonus/Sword/Source/M_Trail.mat using Guid(300e9a2c3ae3afb4aa226a50de37288d) Importer(815301076,1909f56bfc062723c751e8b465ee728b)  -> (artifact id: '9942fd2b4cadb6119ea0632983880a3e') in 0.073437 seconds 
  Import took 0.128685 seconds .

========================================================================
Received Import Request.
  Time since last request: 0.000209 seconds.
  path: Assets/VFX/_NgchipvVFX/VFXBonus/GodIconSkill/Source/GodIconSkill_Anim.fbx
  artifactKey: Guid(1fa3b4498ec1be844b3644a691defbff) Importer(815301076,1909f56bfc062723c751e8b465ee728b)
Start importing Assets/VFX/_NgchipvVFX/VFXBonus/GodIconSkill/Source/GodIconSkill_Anim.fbx using Guid(1fa3b4498ec1be844b3644a691defbff) Importer(815301076,1909f56bfc062723c751e8b465ee728b)  -> (artifact id: 'ededb4a640daba7721dd10f002d5f94b') in 0.055509 seconds 
  Import took 0.112892 seconds .

========================================================================
Received Import Request.
  Time since last request: 0.000244 seconds.
  path: Assets/VFX/_NgchipvVFX/VFXBonus/Sword/Source/M_GlowAnticipation 1.mat
  artifactKey: Guid(41e0d303d7af1e54182341ba19e35c84) Importer(815301076,1909f56bfc062723c751e8b465ee728b)
Start importing Assets/VFX/_NgchipvVFX/VFXBonus/Sword/Source/M_GlowAnticipation 1.mat using Guid(41e0d303d7af1e54182341ba19e35c84) Importer(815301076,1909f56bfc062723c751e8b465ee728b)  -> (artifact id: 'aa062118ea2709312ca0fc8c170cc4ec') in 0.144334 seconds 
  Import took 0.189198 seconds .

========================================================================
Received Import Request.
  Time since last request: 0.000215 seconds.
  path: Assets/VFX/_NgchipvVFX/VFXBonus/God_IconUI/Materials/M_GlowCard.mat
  artifactKey: Guid(1c861c40bbff478419cf54a2992b974e) Importer(815301076,1909f56bfc062723c751e8b465ee728b)
Start importing Assets/VFX/_NgchipvVFX/VFXBonus/God_IconUI/Materials/M_GlowCard.mat using Guid(1c861c40bbff478419cf54a2992b974e) Importer(815301076,1909f56bfc062723c751e8b465ee728b)  -> (artifact id: '56df746aecd90feb21861ce003833dc7') in 0.015252 seconds 
  Import took 0.044631 seconds .

========================================================================
Received Import Request.
  Time since last request: 0.000187 seconds.
  path: Assets/VFX/_NgchipvVFX/VFXBonus/Link/M_GlowLink 1.mat
  artifactKey: Guid(b4732dab992262449bdefec3012fb5b1) Importer(815301076,1909f56bfc062723c751e8b465ee728b)
Start importing Assets/VFX/_NgchipvVFX/VFXBonus/Link/M_GlowLink 1.mat using Guid(b4732dab992262449bdefec3012fb5b1) Importer(815301076,1909f56bfc062723c751e8b465ee728b)  -> (artifact id: '619c4c55d438d6beb457501a7dd4c6e8') in 0.092762 seconds 
  Import took 0.176795 seconds .

========================================================================
Received Import Request.
  Time since last request: 0.000179 seconds.
  path: Assets/VFX/_NgchipvVFX/VFXBonus/Link/T_LineMask.png
  artifactKey: Guid(da9bf65a5e8617146ad738ebc3d90bf7) Importer(815301076,1909f56bfc062723c751e8b465ee728b)
Start importing Assets/VFX/_NgchipvVFX/VFXBonus/Link/T_LineMask.png using Guid(da9bf65a5e8617146ad738ebc3d90bf7) Importer(815301076,1909f56bfc062723c751e8b465ee728b)  -> (artifact id: 'df931941e68e9c5afb679f33118d1343') in 0.105130 seconds 
  Import took 0.158589 seconds .

========================================================================
Received Import Request.
  Time since last request: 0.000239 seconds.
  path: Assets/VFX/_NgchipvVFX/VFXBonus/GodIconSkill/Materials/M_GodButtonSheet.mat
  artifactKey: Guid(47cf702fb1b75a54f8d25ae72f06025c) Importer(815301076,1909f56bfc062723c751e8b465ee728b)
Start importing Assets/VFX/_NgchipvVFX/VFXBonus/GodIconSkill/Materials/M_GodButtonSheet.mat using Guid(47cf702fb1b75a54f8d25ae72f06025c) Importer(815301076,1909f56bfc062723c751e8b465ee728b)  -> (artifact id: '6ec2c88e2d33f09442638442ef352846') in 0.015438 seconds 
  Import took 0.096248 seconds .

========================================================================
Received Import Request.
  Time since last request: 0.000280 seconds.
  path: Assets/VFX/_NgchipvVFX/VFXBonus/Sword/Source/M_LightTrail.mat
  artifactKey: Guid(515f4aca8092bbe4ea0d6ed127564c22) Importer(815301076,1909f56bfc062723c751e8b465ee728b)
Start importing Assets/VFX/_NgchipvVFX/VFXBonus/Sword/Source/M_LightTrail.mat using Guid(515f4aca8092bbe4ea0d6ed127564c22) Importer(815301076,1909f56bfc062723c751e8b465ee728b)  -> (artifact id: 'cb591326d2a1283acd1f462f3cb8c4f8') in 0.103878 seconds 
  Import took 0.140087 seconds .

========================================================================
Received Import Request.
  Time since last request: 0.000159 seconds.
  path: Assets/VFX/_NgchipvVFX/VFXBonus/GodIconSkill/Prefab/GodButton_Activating.prefab
  artifactKey: Guid(65de7aea81d709547b344bf23dd09554) Importer(815301076,1909f56bfc062723c751e8b465ee728b)
Start importing Assets/VFX/_NgchipvVFX/VFXBonus/GodIconSkill/Prefab/GodButton_Activating.prefab using Guid(65de7aea81d709547b344bf23dd09554) Importer(815301076,1909f56bfc062723c751e8b465ee728b)  -> (artifact id: 'b6d41bbe829acd4690f1c1718eaeb7ae') in 0.069505 seconds 
  Import took 0.151485 seconds .

========================================================================
Received Import Request.
  Time since last request: 0.000259 seconds.
  path: Assets/VFX/_NgchipvVFX/VFXBonus/Link/M_Link 1.mat
  artifactKey: Guid(46ef9b2aaeca23343bed9789cc1786f7) Importer(815301076,1909f56bfc062723c751e8b465ee728b)
Start importing Assets/VFX/_NgchipvVFX/VFXBonus/Link/M_Link 1.mat using Guid(46ef9b2aaeca23343bed9789cc1786f7) Importer(815301076,1909f56bfc062723c751e8b465ee728b)  -> (artifact id: '68f61756502da1d5f712e7789e745a1c') in 1.285508 seconds 
  Import took 1.315473 seconds .

========================================================================
Received Import Request.
  Time since last request: 0.000214 seconds.
  path: Assets/VFX/_NgchipvVFX/VFXBonus/Link/M_Link.mat
  artifactKey: Guid(df8790542ec07824a84ddbdaf2135ce8) Importer(815301076,1909f56bfc062723c751e8b465ee728b)
Start importing Assets/VFX/_NgchipvVFX/VFXBonus/Link/M_Link.mat using Guid(df8790542ec07824a84ddbdaf2135ce8) Importer(815301076,1909f56bfc062723c751e8b465ee728b)  -> (artifact id: 'd5ac3bc2464446b01ecc3565a6fb5486') in 0.047546 seconds 
  Import took 0.183935 seconds .

========================================================================
Received Import Request.
  Time since last request: 0.000209 seconds.
  path: Assets/VFX/_NgchipvVFX/VFXBonus/GodIconSkill/Materials/GodButtonSheet.mat
  artifactKey: Guid(cd8b3c235b57cb64699954d3a3cd896d) Importer(815301076,1909f56bfc062723c751e8b465ee728b)
Start importing Assets/VFX/_NgchipvVFX/VFXBonus/GodIconSkill/Materials/GodButtonSheet.mat using Guid(cd8b3c235b57cb64699954d3a3cd896d) Importer(815301076,1909f56bfc062723c751e8b465ee728b)  -> (artifact id: '9964568b7f21b8297c74086b66ad31c6') in 0.037820 seconds 
  Import took 0.080925 seconds .

========================================================================
Received Import Request.
  Time since last request: 0.000262 seconds.
  path: Assets/VFX/_NgchipvVFX/VFXBonus/GodIconSkill/Materials/M_GodIconSkill.mat
  artifactKey: Guid(4073b8115d2e4ff42aa657d406060ff7) Importer(815301076,1909f56bfc062723c751e8b465ee728b)
Start importing Assets/VFX/_NgchipvVFX/VFXBonus/GodIconSkill/Materials/M_GodIconSkill.mat using Guid(4073b8115d2e4ff42aa657d406060ff7) Importer(815301076,1909f56bfc062723c751e8b465ee728b)  -> (artifact id: '78d351eb26f2af4de02cee837f7333b2') in 0.030772 seconds 
  Import took 0.164649 seconds .

========================================================================
Received Import Request.
  Time since last request: 0.000155 seconds.
  path: Assets/VFX/_NgchipvVFX/VFXBonus/God_IconUI/Materials/M_TrailGodIcon.mat
  artifactKey: Guid(30760d924d4ceef4bbcac67a1f6b2d15) Importer(815301076,1909f56bfc062723c751e8b465ee728b)
Start importing Assets/VFX/_NgchipvVFX/VFXBonus/God_IconUI/Materials/M_TrailGodIcon.mat using Guid(30760d924d4ceef4bbcac67a1f6b2d15) Importer(815301076,1909f56bfc062723c751e8b465ee728b)  -> (artifact id: '760300c701fb9f6cd8d19682d4441f0d') in 0.032273 seconds 
  Import took 0.114055 seconds .

========================================================================
Received Import Request.
  Time since last request: 0.000241 seconds.
  path: Assets/VFX/_NgchipvVFX/VFXBonus/GodIconSkill/Prefab/GodButton_Unlock.prefab
  artifactKey: Guid(07ef464dbb6fd764f8b60b32140130cb) Importer(815301076,1909f56bfc062723c751e8b465ee728b)
Start importing Assets/VFX/_NgchipvVFX/VFXBonus/GodIconSkill/Prefab/GodButton_Unlock.prefab using Guid(07ef464dbb6fd764f8b60b32140130cb) Importer(815301076,1909f56bfc062723c751e8b465ee728b)  -> (artifact id: 'b8cb8a272f00506ad445bdfbf25482eb') in 0.056223 seconds 
  Import took 0.155121 seconds .

========================================================================
Received Import Request.
  Time since last request: 0.000162 seconds.
  path: Assets/VFX/_NgchipvVFX/VFXBonus/GodIconSkill/Materials/beamglow 2.mat
  artifactKey: Guid(f40681ae0a1b0164c9a055f056249e41) Importer(815301076,1909f56bfc062723c751e8b465ee728b)
Start importing Assets/VFX/_NgchipvVFX/VFXBonus/GodIconSkill/Materials/beamglow 2.mat using Guid(f40681ae0a1b0164c9a055f056249e41) Importer(815301076,1909f56bfc062723c751e8b465ee728b)  -> (artifact id: 'e4ca0665112b57f41fd41a6fbae7f8ce') in 0.200542 seconds 
  Import took 0.287350 seconds .

========================================================================
Received Import Request.
  Time since last request: 0.000199 seconds.
  path: Assets/VFX/_NgchipvVFX/VFXBonus/Sword/Source/M_Light.mat
  artifactKey: Guid(8f87ce59c16563841a5dbd3e5b33b281) Importer(815301076,1909f56bfc062723c751e8b465ee728b)
Start importing Assets/VFX/_NgchipvVFX/VFXBonus/Sword/Source/M_Light.mat using Guid(8f87ce59c16563841a5dbd3e5b33b281) Importer(815301076,1909f56bfc062723c751e8b465ee728b)  -> (artifact id: '0a65e840fbde1164a2b099784f3da84b') in 0.102313 seconds 
  Import took 0.137016 seconds .

========================================================================
Received Import Request.
  Time since last request: 0.000176 seconds.
  path: Assets/VFX/_NgchipvVFX/VFXBonus/GodIconSkill/Materials/M_ButtonGlow.mat
  artifactKey: Guid(ff479011cdc9e144bae1f56b4f932679) Importer(815301076,1909f56bfc062723c751e8b465ee728b)
Start importing Assets/VFX/_NgchipvVFX/VFXBonus/GodIconSkill/Materials/M_ButtonGlow.mat using Guid(ff479011cdc9e144bae1f56b4f932679) Importer(815301076,1909f56bfc062723c751e8b465ee728b)  -> (artifact id: '8df0ece0c1e9353779f610e1600da90f') in 0.020227 seconds 
  Import took 0.071418 seconds .

========================================================================
Received Import Request.
  Time since last request: 0.000282 seconds.
  path: Assets/VFX/_NgchipvVFX/VFXBonus/Link/M_GlowLink.mat
  artifactKey: Guid(1f54a74f69ac9dc45bc6b19c01be993e) Importer(815301076,1909f56bfc062723c751e8b465ee728b)
Start importing Assets/VFX/_NgchipvVFX/VFXBonus/Link/M_GlowLink.mat using Guid(1f54a74f69ac9dc45bc6b19c01be993e) Importer(815301076,1909f56bfc062723c751e8b465ee728b)  -> (artifact id: 'ab755bec0eddce3b25859291caeec2e1') in 0.051594 seconds 
  Import took 0.107200 seconds .

========================================================================
Received Import Request.
  Time since last request: 0.000141 seconds.
  path: Assets/VFX/_NgchipvVFX/VFXBonus/GodIconSkill/Materials/M_GodIconOuterGlow.mat
  artifactKey: Guid(4b488a5cf6f54c6439cd234935788901) Importer(815301076,1909f56bfc062723c751e8b465ee728b)
Start importing Assets/VFX/_NgchipvVFX/VFXBonus/GodIconSkill/Materials/M_GodIconOuterGlow.mat using Guid(4b488a5cf6f54c6439cd234935788901) Importer(815301076,1909f56bfc062723c751e8b465ee728b)  -> (artifact id: '41b5a9781b7d72100d2c11b91690858e') in 0.007524 seconds 
  Import took 0.137252 seconds .

========================================================================
Received Import Request.
  Time since last request: 0.000259 seconds.
  path: Assets/VFX/_NgchipvVFX/VFXBonus/GodIconSkill/Prefab/GodButton_Lock.prefab
  artifactKey: Guid(fc6b51da5e196944fa59c68a0d2b5c1b) Importer(815301076,1909f56bfc062723c751e8b465ee728b)
Start importing Assets/VFX/_NgchipvVFX/VFXBonus/GodIconSkill/Prefab/GodButton_Lock.prefab using Guid(fc6b51da5e196944fa59c68a0d2b5c1b) Importer(815301076,1909f56bfc062723c751e8b465ee728b)  -> (artifact id: '4ec5697506b6f1bea2947abfce54459e') in 0.054166 seconds 
  Import took 0.098222 seconds .

========================================================================
Received Import Request.
  Time since last request: 321.115712 seconds.
  path: Assets/VFX/_NgchipvVFX/VFXBonus/GodIconSkill/Source
  artifactKey: Guid(523249c5a4116f84a90fb1aa4736af7b) Importer(815301076,1909f56bfc062723c751e8b465ee728b)
Start importing Assets/VFX/_NgchipvVFX/VFXBonus/GodIconSkill/Source using Guid(523249c5a4116f84a90fb1aa4736af7b) Importer(815301076,1909f56bfc062723c751e8b465ee728b)  -> (artifact id: '666ff3a79c39d0e86c88059327223ffb') in 0.001263 seconds 
  Import took 0.033899 seconds .

========================================================================
Received Import Request.
  Time since last request: 12.216086 seconds.
  path: Assets/VFX/_NgchipvVFX/VFXBonus/GodIconSkill/Source/GodIconSkill_StaticPose.fbx
  artifactKey: Guid(fd8004374b2b79b46aa744ce95d5ec5c) Importer(815301076,1909f56bfc062723c751e8b465ee728b)
Start importing Assets/VFX/_NgchipvVFX/VFXBonus/GodIconSkill/Source/GodIconSkill_StaticPose.fbx using Guid(fd8004374b2b79b46aa744ce95d5ec5c) Importer(815301076,1909f56bfc062723c751e8b465ee728b)  -> (artifact id: '6c9526fedc8076f4bc23af98c5784453') in 0.107057 seconds 
  Import took 0.136805 seconds .

========================================================================
Received Import Request.
  Time since last request: 1916.031639 seconds.
  path: Assets/VFX/_NgchipvVFX/VFXBonus/GodIconSkill/Source/GodIconSkill_StaticPose.fbx
  artifactKey: Guid(fd8004374b2b79b46aa744ce95d5ec5c) Importer(815301076,1909f56bfc062723c751e8b465ee728b)
Start importing Assets/VFX/_NgchipvVFX/VFXBonus/GodIconSkill/Source/GodIconSkill_StaticPose.fbx using Guid(fd8004374b2b79b46aa744ce95d5ec5c) Importer(815301076,1909f56bfc062723c751e8b465ee728b)  -> (artifact id: 'eb36de000b7cf57c15db4f6f62203fd4') in 0.203322 seconds 
  Import took 0.229490 seconds .

========================================================================
Received Prepare
Registering precompiled user dll's ...
Registered in 0.004452 seconds.
Begin MonoManager ReloadAssembly
Native extension for WindowsStandalone target not found
Refreshing native plugins compatible for Editor in 1.95 ms, found 4 plugins.
Preloading 0 native plugins for Editor in 0.00 ms.
Mono: successfully reloaded assembly
- Completed reload, in  1.301 seconds
Domain Reload Profiling:
	ReloadAssembly (1303ms)
		BeginReloadAssembly (230ms)
			ExecutionOrderSort (0ms)
			DisableScriptedObjects (21ms)
			BackupInstance (0ms)
			ReleaseScriptingObjects (0ms)
			CreateAndSetChildDomain (120ms)
		EndReloadAssembly (1017ms)
			LoadAssemblies (91ms)
			RebuildTransferFunctionScriptingTraits (0ms)
			SetupTypeCache (388ms)
			ReleaseScriptCaches (2ms)
			RebuildScriptCaches (92ms)
			SetupLoadedEditorAssemblies (298ms)
				LogAssemblyErrors (0ms)
				InitializePlatformSupportModulesInManaged (4ms)
				SetLoadedEditorAssemblies (1ms)
				RefreshPlugins (2ms)
				BeforeProcessingInitializeOnLoad (92ms)
				ProcessInitializeOnLoadAttributes (186ms)
				ProcessInitializeOnLoadMethodAttributes (12ms)
				AfterProcessingInitializeOnLoad (2ms)
				EditorAssembliesLoaded (0ms)
			ExecutionOrderSort2 (0ms)
			AwakeInstancesAfterBackupRestoration (19ms)
Platform modules already initialized, skipping
Refreshing native plugins compatible for Editor in 1.09 ms, found 4 plugins.
Preloading 0 native plugins for Editor in 0.00 ms.
Unloading 4187 Unused Serialized files (Serialized files now loaded: 0)
System memory in use before: 291.4 MB.
System memory in use after: 291.6 MB.

Unloading 30 unused Assets to reduce memory usage. Loaded Objects now: 5093.
Total: 3.783000 ms (FindLiveObjects: 0.414100 ms CreateObjectMapping: 0.342200 ms MarkObjects: 3.000500 ms  DeleteObjects: 0.025500 ms)

AssetImportParameters requested are different than current active one (requested -> active):
  custom:framework-win-MediaFoundation: 216162199b28c13a410421893ffa2e32 -> 
  custom:video-decoder-ogg-theora: a1e56fd34408186e4bbccfd4996cb3dc -> 
  custom:container-muxer-webm: aa71ff27fc2769a1b78a27578f13a17b -> 
  custom:container-demuxer-webm: 4f35f7cbe854078d1ac9338744f61a02 -> 
  custom:container-demuxer-ogg: 62fdf1f143b41e24485cea50d1cbac27 -> 
  custom:video-encoder-webm-vp8: eb34c28f22e8b96e1ab97ce403110664 -> 
  custom:video-decoder-webm-vp8: 9c59270c3fd7afecdb556c50c9e8de78 -> 
  custom:audio-decoder-ogg-vorbis: bf7c407c2cedff20999df2af8eb42d56 -> 
  custom:audio-encoder-webm-vorbis: bf7c407c2cedff20999df2af8eb42d56 -> 
========================================================================
Received Import Request.
  Time since last request: 295.042563 seconds.
  path: Assets/VFX/_NgchipvVFX/VFXBonus/Timer/Source
  artifactKey: Guid(0464ca915a2605b4c81321385c470f77) Importer(815301076,1909f56bfc062723c751e8b465ee728b)
Start importing Assets/VFX/_NgchipvVFX/VFXBonus/Timer/Source using Guid(0464ca915a2605b4c81321385c470f77) Importer(815301076,1909f56bfc062723c751e8b465ee728b)  -> (artifact id: 'a783d1cb07f90def442f8b138f6d5446') in 0.025592 seconds 
  Import took 0.122105 seconds .

========================================================================
Received Import Request.
  Time since last request: 0.000149 seconds.
  path: Assets/VFX/_NgchipvVFX/VFXBonus/Timer/Source/M_FlareTimer 1.mat
  artifactKey: Guid(05168f250ee311447a6ce3a477fa3b60) Importer(815301076,1909f56bfc062723c751e8b465ee728b)
Start importing Assets/VFX/_NgchipvVFX/VFXBonus/Timer/Source/M_FlareTimer 1.mat using Guid(05168f250ee311447a6ce3a477fa3b60) Importer(815301076,1909f56bfc062723c751e8b465ee728b)  -> (artifact id: 'a996b6695c6f19f77bf41857a20ab928') in 0.379029 seconds 
  Import took 0.406228 seconds .

========================================================================
Received Import Request.
  Time since last request: 0.000156 seconds.
  path: Assets/VFX/_NgchipvVFX/VFXBonus/Timer/Source/M_Timer.mat
  artifactKey: Guid(8faf023b7384edc4ea2b2343f81e95d1) Importer(815301076,1909f56bfc062723c751e8b465ee728b)
Start importing Assets/VFX/_NgchipvVFX/VFXBonus/Timer/Source/M_Timer.mat using Guid(8faf023b7384edc4ea2b2343f81e95d1) Importer(815301076,1909f56bfc062723c751e8b465ee728b)  -> (artifact id: '08f78ea154b59c78c935823bc8679f8a') in 0.071529 seconds 
  Import took 0.109346 seconds .

========================================================================
Received Import Request.
  Time since last request: 0.000154 seconds.
  path: Assets/VFX/_NgchipvVFX/VFXBonus/Timer/Source/M_FlareTimer.mat
  artifactKey: Guid(5f01510677ff94d43b7fd915bfe9d953) Importer(815301076,1909f56bfc062723c751e8b465ee728b)
Start importing Assets/VFX/_NgchipvVFX/VFXBonus/Timer/Source/M_FlareTimer.mat using Guid(5f01510677ff94d43b7fd915bfe9d953) Importer(815301076,1909f56bfc062723c751e8b465ee728b)  -> (artifact id: 'f521eec64b8a38b98ba3502e8ad7bb4a') in 0.042094 seconds 
  Import took 0.078585 seconds .

========================================================================
Received Import Request.
  Time since last request: 0.000163 seconds.
  path: Assets/VFX/_NgchipvVFX/VFXBonus/Timer/Source/Timer.fbx
  artifactKey: Guid(7bae2e2108fd5d646aa2559bb7d7cc1a) Importer(815301076,1909f56bfc062723c751e8b465ee728b)
Start importing Assets/VFX/_NgchipvVFX/VFXBonus/Timer/Source/Timer.fbx using Guid(7bae2e2108fd5d646aa2559bb7d7cc1a) Importer(815301076,1909f56bfc062723c751e8b465ee728b)  -> (artifact id: '083dda0c4a8d9f6201209885c3d8c7fe') in 0.059414 seconds 
  Import took 0.083019 seconds .

========================================================================
Received Import Request.
  Time since last request: 0.626558 seconds.
  path: Assets/VFX/_NgchipvVFX/VFXBonus/Timer/Source/Platform.prefab
  artifactKey: Guid(c7e2a7435ca0b6d4e83460256f3b9635) Importer(815301076,1909f56bfc062723c751e8b465ee728b)
Start importing Assets/VFX/_NgchipvVFX/VFXBonus/Timer/Source/Platform.prefab using Guid(c7e2a7435ca0b6d4e83460256f3b9635) Importer(815301076,1909f56bfc062723c751e8b465ee728b)  -> (artifact id: '30800c2f8b60a2fed1b0d6627a1a8114') in 0.304464 seconds 
  Import took 0.342083 seconds .

========================================================================
Received Import Request.
  Time since last request: 7.110960 seconds.
  path: Assets/VFX/_NgchipvVFX/VFXBonus/Timer
  artifactKey: Guid(284d946f48a2115429ed8beff0f52103) Importer(815301076,1909f56bfc062723c751e8b465ee728b)
Start importing Assets/VFX/_NgchipvVFX/VFXBonus/Timer using Guid(284d946f48a2115429ed8beff0f52103) Importer(815301076,1909f56bfc062723c751e8b465ee728b)  -> (artifact id: '2d2b43ddd74dc3cdd85308f33ae18dfb') in 0.005606 seconds 
  Import took 0.048891 seconds .

========================================================================
Received Import Request.
  Time since last request: 5.045882 seconds.
  path: Assets/VFX/_NgchipvVFX/VFXBonus/Timer/Prefab
  artifactKey: Guid(eb401d3514768634bbe3808da6b50413) Importer(815301076,1909f56bfc062723c751e8b465ee728b)
Start importing Assets/VFX/_NgchipvVFX/VFXBonus/Timer/Prefab using Guid(eb401d3514768634bbe3808da6b50413) Importer(815301076,1909f56bfc062723c751e8b465ee728b)  -> (artifact id: '4b680a60cee27cafa022efbc8549cd3e') in 0.000886 seconds 
  Import took 0.033113 seconds .

========================================================================
Received Import Request.
  Time since last request: 4.249138 seconds.
  path: Assets/VFX/_NgchipvVFX/VFXBonus/Timer/Prefab/Timer30s.prefab
  artifactKey: Guid(772cf06108bbcca498b1d6e07e5bce5b) Importer(815301076,1909f56bfc062723c751e8b465ee728b)
Start importing Assets/VFX/_NgchipvVFX/VFXBonus/Timer/Prefab/Timer30s.prefab using Guid(772cf06108bbcca498b1d6e07e5bce5b) Importer(815301076,1909f56bfc062723c751e8b465ee728b)  -> (artifact id: '05a530be3d13206e247577b97ba238a3') in 0.337470 seconds 
  Import took 0.368819 seconds .

========================================================================
Received Prepare
Registering precompiled user dll's ...
Registered in 0.004639 seconds.
Begin MonoManager ReloadAssembly
Native extension for WindowsStandalone target not found
Refreshing native plugins compatible for Editor in 1.07 ms, found 4 plugins.
Preloading 0 native plugins for Editor in 0.00 ms.
Mono: successfully reloaded assembly
- Completed reload, in  1.072 seconds
Domain Reload Profiling:
	ReloadAssembly (1072ms)
		BeginReloadAssembly (106ms)
			ExecutionOrderSort (0ms)
			DisableScriptedObjects (6ms)
			BackupInstance (0ms)
			ReleaseScriptingObjects (0ms)
			CreateAndSetChildDomain (38ms)
		EndReloadAssembly (917ms)
			LoadAssemblies (83ms)
			RebuildTransferFunctionScriptingTraits (0ms)
			SetupTypeCache (341ms)
			ReleaseScriptCaches (2ms)
			RebuildScriptCaches (87ms)
			SetupLoadedEditorAssemblies (280ms)
				LogAssemblyErrors (0ms)
				InitializePlatformSupportModulesInManaged (3ms)
				SetLoadedEditorAssemblies (0ms)
				RefreshPlugins (1ms)
				BeforeProcessingInitializeOnLoad (91ms)
				ProcessInitializeOnLoadAttributes (171ms)
				ProcessInitializeOnLoadMethodAttributes (11ms)
				AfterProcessingInitializeOnLoad (2ms)
				EditorAssembliesLoaded (0ms)
			ExecutionOrderSort2 (0ms)
			AwakeInstancesAfterBackupRestoration (15ms)
Platform modules already initialized, skipping
Refreshing native plugins compatible for Editor in 1.22 ms, found 4 plugins.
Preloading 0 native plugins for Editor in 0.00 ms.
Unloading 4187 Unused Serialized files (Serialized files now loaded: 0)
System memory in use before: 291.7 MB.
System memory in use after: 291.9 MB.

Unloading 30 unused Assets to reduce memory usage. Loaded Objects now: 5131.
Total: 3.488400 ms (FindLiveObjects: 0.371000 ms CreateObjectMapping: 0.275400 ms MarkObjects: 2.822200 ms  DeleteObjects: 0.018600 ms)

AssetImportParameters requested are different than current active one (requested -> active):
  custom:framework-win-MediaFoundation: 216162199b28c13a410421893ffa2e32 -> 
  custom:video-decoder-ogg-theora: a1e56fd34408186e4bbccfd4996cb3dc -> 
  custom:container-muxer-webm: aa71ff27fc2769a1b78a27578f13a17b -> 
  custom:container-demuxer-webm: 4f35f7cbe854078d1ac9338744f61a02 -> 
  custom:container-demuxer-ogg: 62fdf1f143b41e24485cea50d1cbac27 -> 
  custom:video-encoder-webm-vp8: eb34c28f22e8b96e1ab97ce403110664 -> 
  custom:video-decoder-webm-vp8: 9c59270c3fd7afecdb556c50c9e8de78 -> 
  custom:audio-decoder-ogg-vorbis: bf7c407c2cedff20999df2af8eb42d56 -> 
  custom:audio-encoder-webm-vorbis: bf7c407c2cedff20999df2af8eb42d56 -> 
========================================================================
Received Import Request.
  Time since last request: 190.365764 seconds.
  path: Assets/VFX/_NgchipvVFX/VFXBonus/Timer/Prefab/Timer60s.prefab
  artifactKey: Guid(f7a031dcee107794f9c151fe0fc0abfb) Importer(815301076,1909f56bfc062723c751e8b465ee728b)
Start importing Assets/VFX/_NgchipvVFX/VFXBonus/Timer/Prefab/Timer60s.prefab using Guid(f7a031dcee107794f9c151fe0fc0abfb) Importer(815301076,1909f56bfc062723c751e8b465ee728b)  -> (artifact id: 'de23aee1caf24d885927c9c24ed5d671') in 0.210799 seconds 
  Import took 0.232038 seconds .

========================================================================
Received Import Request.
  Time since last request: 7.217871 seconds.
  path: Assets/VFX/_NgchipvVFX/VFXBonus/Timer/Prefab/Demo.unity
  artifactKey: Guid(bff324853eea18a48ba0b449b67ed1e0) Importer(815301076,1909f56bfc062723c751e8b465ee728b)
Start importing Assets/VFX/_NgchipvVFX/VFXBonus/Timer/Prefab/Demo.unity using Guid(bff324853eea18a48ba0b449b67ed1e0) Importer(815301076,1909f56bfc062723c751e8b465ee728b)  -> (artifact id: '1c23557acc1635a3503658a3fe538a10') in 0.001494 seconds 
  Import took 0.020719 seconds .

========================================================================
Received Import Request.
  Time since last request: 44.677568 seconds.
  path: Assets/Scenes/BattleScene.unity
  artifactKey: Guid(67c68f649f841fb4e8598e767d87bc0b) Importer(815301076,1909f56bfc062723c751e8b465ee728b)
Start importing Assets/Scenes/BattleScene.unity using Guid(67c68f649f841fb4e8598e767d87bc0b) Importer(815301076,1909f56bfc062723c751e8b465ee728b)  -> (artifact id: '22e44916861e109f2b41802f0cd998af') in 0.001234 seconds 
  Import took 0.035026 seconds .

========================================================================
Received Import Request.
  Time since last request: 26.451933 seconds.
  path: Assets/Plugins/RenderHeads/AVProMovieCapture/Demos/AVProMovieCapture.Demos.asmdef
  artifactKey: Guid(8426b3d3473738a489355e04a0882d0b) Importer(815301076,1909f56bfc062723c751e8b465ee728b)
Start importing Assets/Plugins/RenderHeads/AVProMovieCapture/Demos/AVProMovieCapture.Demos.asmdef using Guid(8426b3d3473738a489355e04a0882d0b) Importer(815301076,1909f56bfc062723c751e8b465ee728b)  -> (artifact id: '0eb75426e716ffae75656824c0196f81') in 0.006099 seconds 
  Import took 0.140882 seconds .

========================================================================
Received Import Request.
  Time since last request: 0.000197 seconds.
  path: Assets/VFX/_NgchipvVFX/VFXBasic/Damage/Dam2_Dam3/DamDemo.prefab
  artifactKey: Guid(e8c252cbd0fd48c4f85d494089160917) Importer(815301076,1909f56bfc062723c751e8b465ee728b)
Start importing Assets/VFX/_NgchipvVFX/VFXBasic/Damage/Dam2_Dam3/DamDemo.prefab using Guid(e8c252cbd0fd48c4f85d494089160917) Importer(815301076,1909f56bfc062723c751e8b465ee728b)  -> (artifact id: '8f40d1406f8ec046a4f6e279abd7a05c') in 0.211007 seconds 
  Import took 0.277828 seconds .

========================================================================
Received Import Request.
  Time since last request: 0.000276 seconds.
  path: Assets/VFX/_NgchipvVFX/VFXBonus/pf_vfx-ult_demo_psys_oneshot_fantasticExplosion_tutorial 1.prefab
  artifactKey: Guid(bd8ee8667c85f4341ad26ee77e029b04) Importer(815301076,1909f56bfc062723c751e8b465ee728b)
Start importing Assets/VFX/_NgchipvVFX/VFXBonus/pf_vfx-ult_demo_psys_oneshot_fantasticExplosion_tutorial 1.prefab using Guid(bd8ee8667c85f4341ad26ee77e029b04) Importer(815301076,1909f56bfc062723c751e8b465ee728b)  -> (artifact id: '365822501c34e78d7fd6f7d2ddc36ad3') in 0.825473 seconds 
  Import took 0.864205 seconds .

========================================================================
Received Import Request.
  Time since last request: 0.000246 seconds.
  path: Assets/Plugins/RenderHeads/AVProMovieCapture/Demos/Materials/DefaultDemo.mat
  artifactKey: Guid(f663b5cc3e742024b902055797e3957c) Importer(815301076,1909f56bfc062723c751e8b465ee728b)
Start importing Assets/Plugins/RenderHeads/AVProMovieCapture/Demos/Materials/DefaultDemo.mat using Guid(f663b5cc3e742024b902055797e3957c) Importer(815301076,1909f56bfc062723c751e8b465ee728b)  -> (artifact id: 'e8c6b75eaf902fda0b5a2d77e970d2df') in 0.050916 seconds 
  Import took 0.085296 seconds .

========================================================================
Received Import Request.
  Time since last request: 9.496112 seconds.
  path: Assets/VFX/_NgchipvVFX/VFXBonus/Timer/Prefab/Demo.unity
  artifactKey: Guid(bff324853eea18a48ba0b449b67ed1e0) Importer(815301076,1909f56bfc062723c751e8b465ee728b)
Start importing Assets/VFX/_NgchipvVFX/VFXBonus/Timer/Prefab/Demo.unity using Guid(bff324853eea18a48ba0b449b67ed1e0) Importer(815301076,1909f56bfc062723c751e8b465ee728b)  -> (artifact id: '3e65a7d76083af4cf290aae0a8e5a88e') in 0.001288 seconds 
  Import took 0.031096 seconds .

========================================================================
Received Import Request.
  Time since last request: 93.101022 seconds.
  path: Assets/Font/CardFont/SourceSansPro-Black.ttf
  artifactKey: Guid(b52b3631a292fdb48900d55a12dfa5db) Importer(815301076,1909f56bfc062723c751e8b465ee728b)
Start importing Assets/Font/CardFont/SourceSansPro-Black.ttf using Guid(b52b3631a292fdb48900d55a12dfa5db) Importer(815301076,1909f56bfc062723c751e8b465ee728b)  -> (artifact id: '766231a75c1bebf5fbd20b81bfd0a9b2') in 0.087131 seconds 
  Import took 0.109769 seconds .

========================================================================
Received Import Request.
  Time since last request: 0.112400 seconds.
  path: Assets/Hovl Studio/RPG VFX pack/Textures/Flare3.png
  artifactKey: Guid(078c04d2e791c3c4191403a4cbf7bc22) Importer(815301076,1909f56bfc062723c751e8b465ee728b)
Start importing Assets/Hovl Studio/RPG VFX pack/Textures/Flare3.png using Guid(078c04d2e791c3c4191403a4cbf7bc22) Importer(815301076,1909f56bfc062723c751e8b465ee728b)  -> (artifact id: 'd157f146176f6c6bbe82ef39327f059a') in 0.005892 seconds 
  Import took 0.030814 seconds .

========================================================================
Received Import Request.
  Time since last request: 0.058592 seconds.
  path: Assets/AllIn1VfxToolkit/Demo & Assets/Textures/Shapes/Flare14.png
  artifactKey: Guid(15e66b1248d8f7f42a81b6c7281cb171) Importer(815301076,1909f56bfc062723c751e8b465ee728b)
Start importing Assets/AllIn1VfxToolkit/Demo & Assets/Textures/Shapes/Flare14.png using Guid(15e66b1248d8f7f42a81b6c7281cb171) Importer(815301076,1909f56bfc062723c751e8b465ee728b)  -> (artifact id: 'b531b76f59fd33a8b74fdcce88f52dc6') in 0.005692 seconds 
  Import took 0.040042 seconds .

========================================================================
Received Import Request.
  Time since last request: 0.053324 seconds.
  path: Assets/Font/CardFont/SourceSansPro-LightItalic.ttf
  artifactKey: Guid(ed698954b919e074ca903751af74d564) Importer(815301076,1909f56bfc062723c751e8b465ee728b)
Start importing Assets/Font/CardFont/SourceSansPro-LightItalic.ttf using Guid(ed698954b919e074ca903751af74d564) Importer(815301076,1909f56bfc062723c751e8b465ee728b)  -> (artifact id: '1470f7c5786fbfb51238c96324c266bb') in 0.009709 seconds 
  Import took 0.047136 seconds .

========================================================================
Received Import Request.
  Time since last request: 0.191078 seconds.
  path: Assets/Font/CardFont/SourceSansPro-ExtraLight.ttf
  artifactKey: Guid(6c96bb0da4aa27a4ba5329bde4022479) Importer(815301076,1909f56bfc062723c751e8b465ee728b)
Start importing Assets/Font/CardFont/SourceSansPro-ExtraLight.ttf using Guid(6c96bb0da4aa27a4ba5329bde4022479) Importer(815301076,1909f56bfc062723c751e8b465ee728b)  -> (artifact id: '63ec3acdb18299273a3da8f042bbc239') in 0.017734 seconds 
  Import took 0.060959 seconds .

========================================================================
Received Import Request.
  Time since last request: 0.036120 seconds.
  path: Assets/Font/CardFont/SourceSansPro-Bold.ttf
  artifactKey: Guid(11700aa6730dcc640a31a77d230fae40) Importer(815301076,1909f56bfc062723c751e8b465ee728b)
Start importing Assets/Font/CardFont/SourceSansPro-Bold.ttf using Guid(11700aa6730dcc640a31a77d230fae40) Importer(815301076,1909f56bfc062723c751e8b465ee728b)  -> (artifact id: 'be238e411232d75c99b81d7e8afe4a49') in 0.016843 seconds 
  Import took 0.057214 seconds .

========================================================================
Received Import Request.
  Time since last request: 0.076997 seconds.
  path: Assets/Font/CardFont/SourceSansPro-BoldItalic.ttf
  artifactKey: Guid(475e96cd86822b24e92a87b37c4c9e0b) Importer(815301076,1909f56bfc062723c751e8b465ee728b)
Start importing Assets/Font/CardFont/SourceSansPro-BoldItalic.ttf using Guid(475e96cd86822b24e92a87b37c4c9e0b) Importer(815301076,1909f56bfc062723c751e8b465ee728b)  -> (artifact id: 'e382d507162cfb3d48f180b63cc4ab46') in 0.008598 seconds 
  Import took 0.042566 seconds .

========================================================================
Received Import Request.
  Time since last request: 0.089787 seconds.
  path: Assets/Font/CardFont/SourceSansPro-SemiBoldItalic.ttf
  artifactKey: Guid(24ec0c28c7bc13b479ee88f9412001a4) Importer(815301076,1909f56bfc062723c751e8b465ee728b)
Start importing Assets/Font/CardFont/SourceSansPro-SemiBoldItalic.ttf using Guid(24ec0c28c7bc13b479ee88f9412001a4) Importer(815301076,1909f56bfc062723c751e8b465ee728b)  -> (artifact id: '8d3e0a7096c82fce436abea87eeb145d') in 0.008732 seconds 
  Import took 0.072462 seconds .

========================================================================
Received Import Request.
  Time since last request: 0.059603 seconds.
  path: Assets/VFX/Nokdef_VFXPack/Textures/SmokeHarsh.png
  artifactKey: Guid(4e8b9e0b3f67f1345a16b6bd2b3d4c4e) Importer(815301076,1909f56bfc062723c751e8b465ee728b)
Start importing Assets/VFX/Nokdef_VFXPack/Textures/SmokeHarsh.png using Guid(4e8b9e0b3f67f1345a16b6bd2b3d4c4e) Importer(815301076,1909f56bfc062723c751e8b465ee728b)  -> (artifact id: '7915e1f7ed5d27932cbe46a33b62bd9d') in 0.004985 seconds 
  Import took 0.036292 seconds .

========================================================================
Received Import Request.
  Time since last request: 0.027616 seconds.
  path: Assets/Font/CardFont/SourceSansPro-Regular.ttf
  artifactKey: Guid(3bb838d7ef6f4554791e9cd8599f36c2) Importer(815301076,1909f56bfc062723c751e8b465ee728b)
Start importing Assets/Font/CardFont/SourceSansPro-Regular.ttf using Guid(3bb838d7ef6f4554791e9cd8599f36c2) Importer(815301076,1909f56bfc062723c751e8b465ee728b)  -> (artifact id: '4a28365e540ff480a530f376e729de63') in 0.035237 seconds 
  Import took 0.067156 seconds .

========================================================================
Received Import Request.
  Time since last request: 0.001239 seconds.
  path: Assets/VFX/_NgchipvVFX/VFXBonus/Timer/Demo
  artifactKey: Guid(5c2a1f34468f05b4b87f6c96cdd807ab) Importer(815301076,1909f56bfc062723c751e8b465ee728b)
Start importing Assets/VFX/_NgchipvVFX/VFXBonus/Timer/Demo using Guid(5c2a1f34468f05b4b87f6c96cdd807ab) Importer(815301076,1909f56bfc062723c751e8b465ee728b)  -> (artifact id: 'a7aaaf494480c6c440b2cd2c49b4cc15') in 0.000713 seconds 
  Import took 0.016701 seconds .

========================================================================
Received Import Request.
  Time since last request: 0.087812 seconds.
  path: Assets/Font/SourceSansPro-Bold SDF.asset
  artifactKey: Guid(328869265e3b7f04eabac48797d9f8f7) Importer(815301076,1909f56bfc062723c751e8b465ee728b)
Start importing Assets/Font/SourceSansPro-Bold SDF.asset using Guid(328869265e3b7f04eabac48797d9f8f7) Importer(815301076,1909f56bfc062723c751e8b465ee728b)  -> (artifact id: '06e87b2c2eccc2e75d30adfde926270d') in 0.039048 seconds 
  Import took 0.055723 seconds .

========================================================================
Received Import Request.
  Time since last request: 0.024297 seconds.
  path: Assets/Font/CardFont/SourceSansPro-SemiBold.ttf
  artifactKey: Guid(1c2727026405ea444924ee81b1eec570) Importer(815301076,1909f56bfc062723c751e8b465ee728b)
Start importing Assets/Font/CardFont/SourceSansPro-SemiBold.ttf using Guid(1c2727026405ea444924ee81b1eec570) Importer(815301076,1909f56bfc062723c751e8b465ee728b)  -> (artifact id: 'ae136eb26d166979966cb0b24834a3fe') in 0.017465 seconds 
  Import took 0.049117 seconds .

========================================================================
Received Import Request.
  Time since last request: 0.100243 seconds.
  path: Assets/VFX/_NgchipvVFX/VFXBonus/Timer/Source/TimerGraph.shadergraph
  artifactKey: Guid(4addc2d199e449a418ea592222bd456a) Importer(815301076,1909f56bfc062723c751e8b465ee728b)
Start importing Assets/VFX/_NgchipvVFX/VFXBonus/Timer/Source/TimerGraph.shadergraph using Guid(4addc2d199e449a418ea592222bd456a) Importer(815301076,1909f56bfc062723c751e8b465ee728b)  -> (artifact id: '985239aa9ef45447cdc77a82b949b1bc') in 0.002442 seconds 
  Import took 0.034306 seconds .

========================================================================
Received Import Request.
  Time since last request: 0.097690 seconds.
  path: Assets/VFX/Nokdef_VFXPack/Textures/FireNoise.png
  artifactKey: Guid(204e24b3132c6754abe847f62aa2807b) Importer(815301076,1909f56bfc062723c751e8b465ee728b)
Start importing Assets/VFX/Nokdef_VFXPack/Textures/FireNoise.png using Guid(204e24b3132c6754abe847f62aa2807b) Importer(815301076,1909f56bfc062723c751e8b465ee728b)  -> (artifact id: 'e23917b0133af4eb115071b7a5951191') in 0.007343 seconds 
  Import took 0.031306 seconds .

========================================================================
Received Import Request.
  Time since last request: 0.073987 seconds.
  path: Assets/Font/CardFont/SourceSansPro-BlackItalic.ttf
  artifactKey: Guid(3d3a84ccd44d1aa46a1c39ded7f05d33) Importer(815301076,1909f56bfc062723c751e8b465ee728b)
Start importing Assets/Font/CardFont/SourceSansPro-BlackItalic.ttf using Guid(3d3a84ccd44d1aa46a1c39ded7f05d33) Importer(815301076,1909f56bfc062723c751e8b465ee728b)  -> (artifact id: 'f44095ed25e04bdaa23f8e486f119dc7') in 0.009631 seconds 
  Import took 0.048044 seconds .

========================================================================
Received Import Request.
  Time since last request: 0.028925 seconds.
  path: Assets/Font/CardFont/SourceSansPro-Italic.ttf
  artifactKey: Guid(f2bae461ce161c045befdfcfa598322d) Importer(815301076,1909f56bfc062723c751e8b465ee728b)
Start importing Assets/Font/CardFont/SourceSansPro-Italic.ttf using Guid(f2bae461ce161c045befdfcfa598322d) Importer(815301076,1909f56bfc062723c751e8b465ee728b)  -> (artifact id: 'c826a2a5796669ac656a3c37ae3cb009') in 0.008816 seconds 
  Import took 0.015757 seconds .

========================================================================
Received Import Request.
  Time since last request: 0.001939 seconds.
  path: Assets/Font/CardFont/SourceSansPro-ExtraLightItalic.ttf
  artifactKey: Guid(14d7a3893d56f524993ca7aa1cf7f227) Importer(815301076,1909f56bfc062723c751e8b465ee728b)
Start importing Assets/Font/CardFont/SourceSansPro-ExtraLightItalic.ttf using Guid(14d7a3893d56f524993ca7aa1cf7f227) Importer(815301076,1909f56bfc062723c751e8b465ee728b)  -> (artifact id: 'e5954666cd39c933ffd56f5d9712d243') in 0.009295 seconds 
  Import took 0.039429 seconds .

========================================================================
Received Import Request.
  Time since last request: 0.152839 seconds.
  path: Assets/Font/CardFont/SourceSansPro-Light.ttf
  artifactKey: Guid(e2703322aec462b468a9680f6874113f) Importer(815301076,1909f56bfc062723c751e8b465ee728b)
Start importing Assets/Font/CardFont/SourceSansPro-Light.ttf using Guid(e2703322aec462b468a9680f6874113f) Importer(815301076,1909f56bfc062723c751e8b465ee728b)  -> (artifact id: 'fd1100990dd4ad8a96b1fcf48cae4a4c') in 0.026485 seconds 
  Import took 0.059979 seconds .

========================================================================
Received Import Request.
  Time since last request: 0.004138 seconds.
  path: Assets/VFX/_NgchipvVFX/VFXBonus/Timer/Demo/Timer.anim
  artifactKey: Guid(0d3eb8ee71212534eba08b7e1af6afd2) Importer(815301076,1909f56bfc062723c751e8b465ee728b)
Start importing Assets/VFX/_NgchipvVFX/VFXBonus/Timer/Demo/Timer.anim using Guid(0d3eb8ee71212534eba08b7e1af6afd2) Importer(815301076,1909f56bfc062723c751e8b465ee728b)  -> (artifact id: 'a0d2af67be46381df02f7ef81767be46') in 0.333271 seconds 
  Import took 0.365352 seconds .

========================================================================
Received Import Request.
  Time since last request: 0.081096 seconds.
  path: Assets/VFX/_NgchipvVFX/VFXBonus/Timer/Prefab/Demo.unity
  artifactKey: Guid(bff324853eea18a48ba0b449b67ed1e0) Importer(815301076,1909f56bfc062723c751e8b465ee728b)
Start importing Assets/VFX/_NgchipvVFX/VFXBonus/Timer/Prefab/Demo.unity using Guid(bff324853eea18a48ba0b449b67ed1e0) Importer(815301076,1909f56bfc062723c751e8b465ee728b)  -> (artifact id: 'b306804abef00af1c1bbdcd2228924f0') in 0.001024 seconds 
  Import took 0.035302 seconds .

AssetImportWorkerClient::OnTransportError - code=2 error=End of file
