Using pre-set license
Built from '2020.3/staging' branch; Version is '2020.3.25f1 (9b9180224418) revision 10195328'; Using compiler version '192528614'; Build Type 'Release'
OS: 'Windows 10  (10.0.19045) 64bit Enterprise' Language: 'en' Physical Memory: 16300 MB
BatchMode: 1, IsHumanControllingUs: 0, StartBugReporterOnCrash: 0, Is64bit: 1, IsPro: 0

COMMAND LINE ARGUMENTS:
D:\UnityVersion\2020.3.25f1\Editor\Unity.exe
-adb2
-batchMode
-noUpm
-name
AssetImportWorker1
-projectPath
D:/GithubProject/MythVFX
-logFile
Logs/AssetImportWorker1.log
-srvPort
58139
Successfully changed project path to: D:/GithubProject/MythVFX
D:/GithubProject/MythVFX
Using Asset Import Pipeline V2.
Refreshing native plugins compatible for Editor in 92.20 ms, found 4 plugins.
Preloading 0 native plugins for Editor in 0.00 ms.
Initialize engine version: 2020.3.25f1 (9b9180224418)
[Subsystems] Discovering subsystems at path D:/UnityVersion/2020.3.25f1/Editor/Data/Resources/UnitySubsystems
[Subsystems] Discovering subsystems at path D:/GithubProject/MythVFX/Assets
GfxDevice: creating device client; threaded=0
Direct3D:
    Version:  Direct3D 11.0 [level 11.1]
    Renderer: NVIDIA GeForce GTX 1050 Ti (ID=0x1c82)
    Vendor:   
    VRAM:     4019 MB
    Driver:   31.0.15.1694
Shader 'TextMeshPro/Distance Field': fallback shader 'TextMeshPro/Mobile/Distance Field' not found
Initialize mono
Mono path[0] = 'D:/UnityVersion/2020.3.25f1/Editor/Data/Managed'
Mono path[1] = 'D:/UnityVersion/2020.3.25f1/Editor/Data/MonoBleedingEdge/lib/mono/unityjit'
Mono config path = 'D:/UnityVersion/2020.3.25f1/Editor/Data/MonoBleedingEdge/etc'
Using monoOptions --debugger-agent=transport=dt_socket,embedding=1,server=y,suspend=n,address=127.0.0.1:56696
Begin MonoManager ReloadAssembly
Registering precompiled unity dll's ...
Register platform support module: D:/UnityVersion/2020.3.25f1/Editor/Data/PlaybackEngines/WindowsStandaloneSupport/UnityEditor.WindowsStandalone.Extensions.dll
Registered in 0.000796 seconds.
Native extension for WindowsStandalone target not found
Refreshing native plugins compatible for Editor in 94.12 ms, found 4 plugins.
Preloading 0 native plugins for Editor in 0.00 ms.
Mono: successfully reloaded assembly
- Completed reload, in  0.567 seconds
Domain Reload Profiling:
	ReloadAssembly (568ms)
		BeginReloadAssembly (43ms)
			ExecutionOrderSort (0ms)
			DisableScriptedObjects (0ms)
			BackupInstance (0ms)
			ReleaseScriptingObjects (0ms)
			CreateAndSetChildDomain (1ms)
		EndReloadAssembly (465ms)
			LoadAssemblies (42ms)
			RebuildTransferFunctionScriptingTraits (0ms)
			SetupTypeCache (140ms)
			ReleaseScriptCaches (0ms)
			RebuildScriptCaches (27ms)
			SetupLoadedEditorAssemblies (209ms)
				LogAssemblyErrors (0ms)
				InitializePlatformSupportModulesInManaged (4ms)
				SetLoadedEditorAssemblies (0ms)
				RefreshPlugins (94ms)
				BeforeProcessingInitializeOnLoad (13ms)
				ProcessInitializeOnLoadAttributes (73ms)
				ProcessInitializeOnLoadMethodAttributes (25ms)
				AfterProcessingInitializeOnLoad (0ms)
				EditorAssembliesLoaded (0ms)
			ExecutionOrderSort2 (0ms)
			AwakeInstancesAfterBackupRestoration (0ms)
Platform modules already initialized, skipping
Registering precompiled user dll's ...
Registered in 0.004535 seconds.
Begin MonoManager ReloadAssembly
Native extension for WindowsStandalone target not found
Refreshing native plugins compatible for Editor in 105.52 ms, found 4 plugins.
Preloading 0 native plugins for Editor in 0.00 ms.
Mono: successfully reloaded assembly
- Completed reload, in  4.281 seconds
Domain Reload Profiling:
	ReloadAssembly (4282ms)
		BeginReloadAssembly (124ms)
			ExecutionOrderSort (0ms)
			DisableScriptedObjects (4ms)
			BackupInstance (0ms)
			ReleaseScriptingObjects (0ms)
			CreateAndSetChildDomain (16ms)
		EndReloadAssembly (4108ms)
			LoadAssemblies (3041ms)
			RebuildTransferFunctionScriptingTraits (0ms)
			SetupTypeCache (370ms)
			ReleaseScriptCaches (1ms)
			RebuildScriptCaches (99ms)
			SetupLoadedEditorAssemblies (481ms)
				LogAssemblyErrors (0ms)
				InitializePlatformSupportModulesInManaged (3ms)
				SetLoadedEditorAssemblies (0ms)
				RefreshPlugins (106ms)
				BeforeProcessingInitializeOnLoad (96ms)
				ProcessInitializeOnLoadAttributes (206ms)
				ProcessInitializeOnLoadMethodAttributes (69ms)
				AfterProcessingInitializeOnLoad (2ms)
				EditorAssembliesLoaded (0ms)
			ExecutionOrderSort2 (0ms)
			AwakeInstancesAfterBackupRestoration (6ms)
Platform modules already initialized, skipping
========================================================================
Worker process is ready to serve import requests
Shader 'TextMeshPro/Distance Field': fallback shader 'TextMeshPro/Mobile/Distance Field' not found
Launched and connected shader compiler UnityShaderCompiler.exe after 0.13 seconds
Refreshing native plugins compatible for Editor in 1.05 ms, found 4 plugins.
Preloading 0 native plugins for Editor in 0.00 ms.
Unloading 3871 Unused Serialized files (Serialized files now loaded: 0)
System memory in use before: 166.4 MB.
System memory in use after: 166.6 MB.

Unloading 35 unused Assets to reduce memory usage. Loaded Objects now: 4304.
Total: 3.197500 ms (FindLiveObjects: 0.300800 ms CreateObjectMapping: 0.174100 ms MarkObjects: 2.640100 ms  DeleteObjects: 0.081400 ms)

AssetImportParameters requested are different than current active one (requested -> active):
  custom:framework-win-MediaFoundation: 216162199b28c13a410421893ffa2e32 -> 
  custom:video-decoder-ogg-theora: a1e56fd34408186e4bbccfd4996cb3dc -> 
  custom:container-muxer-webm: aa71ff27fc2769a1b78a27578f13a17b -> 
  custom:container-demuxer-webm: 4f35f7cbe854078d1ac9338744f61a02 -> 
  custom:container-demuxer-ogg: 62fdf1f143b41e24485cea50d1cbac27 -> 
  custom:video-encoder-webm-vp8: eb34c28f22e8b96e1ab97ce403110664 -> 
  custom:video-decoder-webm-vp8: 9c59270c3fd7afecdb556c50c9e8de78 -> 
  custom:audio-decoder-ogg-vorbis: bf7c407c2cedff20999df2af8eb42d56 -> 
  custom:audio-encoder-webm-vorbis: bf7c407c2cedff20999df2af8eb42d56 -> 
========================================================================
Received Import Request.
  path: Assets/VFX/_NgchipvModel_Anim/NewMap/NewMap.unity
  artifactKey: Guid(b6042e8a03c8993428343e2948b335cb) Importer(815301076,1909f56bfc062723c751e8b465ee728b)
Start importing Assets/VFX/_NgchipvModel_Anim/NewMap/NewMap.unity using Guid(b6042e8a03c8993428343e2948b335cb) Importer(815301076,1909f56bfc062723c751e8b465ee728b)  -> (artifact id: '2014a859516d7979a9f6e46c5405ff32') in 0.054539 seconds 
  Import took 0.135864 seconds .

========================================================================
Received Import Request.
  Time since last request: 104.981714 seconds.
  path: Assets/VFX/Ngchipv_VFXUI/Tutorial/Source
  artifactKey: Guid(5a09e3a712c874344bc33b3e142ace80) Importer(815301076,1909f56bfc062723c751e8b465ee728b)
Start importing Assets/VFX/Ngchipv_VFXUI/Tutorial/Source using Guid(5a09e3a712c874344bc33b3e142ace80) Importer(815301076,1909f56bfc062723c751e8b465ee728b)  -> (artifact id: '5558951981a76123ef9a7870d518aff0') in 0.000848 seconds 
  Import took 0.005688 seconds .

========================================================================
Received Import Request.
  Time since last request: 42.712078 seconds.
  path: Assets/VFX/Ngchipv_VFXUI/Tutorial/Source/HighlightPlane.fbx
  artifactKey: Guid(97796f4c49ba9d34d9410e045fbed924) Importer(815301076,1909f56bfc062723c751e8b465ee728b)
Start importing Assets/VFX/Ngchipv_VFXUI/Tutorial/Source/HighlightPlane.fbx using Guid(97796f4c49ba9d34d9410e045fbed924) Importer(815301076,1909f56bfc062723c751e8b465ee728b)  -> (artifact id: '9b0a1743127d1d76d900bac92020c53b') in 0.506672 seconds 
  Import took 0.512319 seconds .

========================================================================
Received Import Request.
  Time since last request: 0.000198 seconds.
  path: Assets/VFX/Ngchipv_VFXUI/Tutorial/Source/HighlightRound.fbx
  artifactKey: Guid(b1523f0ea817981418e9649c32a106e4) Importer(815301076,1909f56bfc062723c751e8b465ee728b)
Start importing Assets/VFX/Ngchipv_VFXUI/Tutorial/Source/HighlightRound.fbx using Guid(b1523f0ea817981418e9649c32a106e4) Importer(815301076,1909f56bfc062723c751e8b465ee728b)  -> (artifact id: 'a33ad6bbbb6e2515af0ccc895f199947') in 0.638369 seconds 
  Import took 0.643499 seconds .

========================================================================
Received Import Request.
  Time since last request: 4.238526 seconds.
  path: Assets/VFX/Ngchipv_VFXUI/Tutorial/Source/HighlightCircle.fbx
  artifactKey: Guid(6af2a067b03bf2c4bbc5134ff7e8e081) Importer(815301076,1909f56bfc062723c751e8b465ee728b)
Start importing Assets/VFX/Ngchipv_VFXUI/Tutorial/Source/HighlightCircle.fbx using Guid(6af2a067b03bf2c4bbc5134ff7e8e081) Importer(815301076,1909f56bfc062723c751e8b465ee728b)  -> (artifact id: 'ac7d46f4f1f632bd1c7a9511072cccd2') in 0.025496 seconds 
  Import took 0.031332 seconds .

========================================================================
Received Import Request.
  Time since last request: 14.978551 seconds.
  path: Assets/VFX/Ngchipv_VFXUI/Tutorial/Source/HighlightCircle.fbx
  artifactKey: Guid(6af2a067b03bf2c4bbc5134ff7e8e081) Importer(815301076,1909f56bfc062723c751e8b465ee728b)
Start importing Assets/VFX/Ngchipv_VFXUI/Tutorial/Source/HighlightCircle.fbx using Guid(6af2a067b03bf2c4bbc5134ff7e8e081) Importer(815301076,1909f56bfc062723c751e8b465ee728b)  -> (artifact id: '66ac1281bc0f7ad5543ea62fa24cb8d5') in 0.011137 seconds 
  Import took 0.017129 seconds .

========================================================================
Received Import Request.
  Time since last request: 32.934005 seconds.
  path: Assets/VFX/Ngchipv_VFXUI/Tutorial/Source/HighlightCircle.fbx
  artifactKey: Guid(6af2a067b03bf2c4bbc5134ff7e8e081) Importer(815301076,1909f56bfc062723c751e8b465ee728b)
Start importing Assets/VFX/Ngchipv_VFXUI/Tutorial/Source/HighlightCircle.fbx using Guid(6af2a067b03bf2c4bbc5134ff7e8e081) Importer(815301076,1909f56bfc062723c751e8b465ee728b)  -> (artifact id: '13041fde92798b363571a85302b34697') in 0.015725 seconds 
  Import took 0.021865 seconds .

========================================================================
Received Import Request.
  Time since last request: 10.082995 seconds.
  path: Assets/VFX/Ngchipv_VFXUI/Tutorial/Source/HighlightCircle.fbx
  artifactKey: Guid(6af2a067b03bf2c4bbc5134ff7e8e081) Importer(815301076,1909f56bfc062723c751e8b465ee728b)
Start importing Assets/VFX/Ngchipv_VFXUI/Tutorial/Source/HighlightCircle.fbx using Guid(6af2a067b03bf2c4bbc5134ff7e8e081) Importer(815301076,1909f56bfc062723c751e8b465ee728b)  -> (artifact id: '4c64caa3024b357334b4500b517ea5f5') in 0.020154 seconds 
  Import took 0.025948 seconds .

========================================================================
Received Import Request.
  Time since last request: 2456.673211 seconds.
  path: Assets/VFX/Ngchipv_VFXUI/Tutorial/Source/HighlightCircle.fbx
  artifactKey: Guid(6af2a067b03bf2c4bbc5134ff7e8e081) Importer(815301076,1909f56bfc062723c751e8b465ee728b)
Start importing Assets/VFX/Ngchipv_VFXUI/Tutorial/Source/HighlightCircle.fbx using Guid(6af2a067b03bf2c4bbc5134ff7e8e081) Importer(815301076,1909f56bfc062723c751e8b465ee728b)  -> (artifact id: '378266d5beee0a65153fe5fda3751e6b') in 0.077031 seconds 
  Import took 0.088189 seconds .

========================================================================
Received Import Request.
  Time since last request: 2.496396 seconds.
  path: Assets/VFX/Ngchipv_VFXUI/Tutorial/Source/HighlightSmallCircle.fbx
  artifactKey: Guid(2b5516ae8f781714592c131e97c9c9aa) Importer(815301076,1909f56bfc062723c751e8b465ee728b)
Start importing Assets/VFX/Ngchipv_VFXUI/Tutorial/Source/HighlightSmallCircle.fbx using Guid(2b5516ae8f781714592c131e97c9c9aa) Importer(815301076,1909f56bfc062723c751e8b465ee728b)  -> (artifact id: '6462ebdd415d4389d78c8c689d1e1d77') in 0.038028 seconds 
  Import took 0.057369 seconds .

========================================================================
Received Import Request.
  Time since last request: 17.586517 seconds.
  path: Assets/VFX/Ngchipv_VFXUI/Tutorial/Source/HighlightSmallCircle.fbx
  artifactKey: Guid(2b5516ae8f781714592c131e97c9c9aa) Importer(815301076,1909f56bfc062723c751e8b465ee728b)
Start importing Assets/VFX/Ngchipv_VFXUI/Tutorial/Source/HighlightSmallCircle.fbx using Guid(2b5516ae8f781714592c131e97c9c9aa) Importer(815301076,1909f56bfc062723c751e8b465ee728b)  -> (artifact id: 'af358ac81a8de9fe4b7b92252c5880ac') in 0.011380 seconds 
  Import took 0.017315 seconds .

========================================================================
Received Import Request.
  Time since last request: 2589.999431 seconds.
  path: Assets/VFX/Ngchipv_VFXUI/Tutorial/Source/HighlightMana.fbx
  artifactKey: Guid(077f6204dc80c8f4d8a3da763d831681) Importer(815301076,1909f56bfc062723c751e8b465ee728b)
Start importing Assets/VFX/Ngchipv_VFXUI/Tutorial/Source/HighlightMana.fbx using Guid(077f6204dc80c8f4d8a3da763d831681) Importer(815301076,1909f56bfc062723c751e8b465ee728b)  -> (artifact id: '4c3eeb3327bd1a5c2dded1827fc733c3') in 0.045803 seconds 
  Import took 0.054152 seconds .

========================================================================
Received Import Request.
  Time since last request: 656.035001 seconds.
  path: Assets/VFX/Ngchipv_VFXUI/Tutorial/Source/HighlightMana.fbx
  artifactKey: Guid(077f6204dc80c8f4d8a3da763d831681) Importer(815301076,1909f56bfc062723c751e8b465ee728b)
Start importing Assets/VFX/Ngchipv_VFXUI/Tutorial/Source/HighlightMana.fbx using Guid(077f6204dc80c8f4d8a3da763d831681) Importer(815301076,1909f56bfc062723c751e8b465ee728b)  -> (artifact id: 'ddc356e47cd3f3227cff438ed7111f85') in 0.048065 seconds 
  Import took 0.054647 seconds .

========================================================================
Received Import Request.
  Time since last request: 16.439166 seconds.
  path: Assets/VFX/Ngchipv_VFXUI/Tutorial/Source/HighlightMana.fbx
  artifactKey: Guid(077f6204dc80c8f4d8a3da763d831681) Importer(815301076,1909f56bfc062723c751e8b465ee728b)
Start importing Assets/VFX/Ngchipv_VFXUI/Tutorial/Source/HighlightMana.fbx using Guid(077f6204dc80c8f4d8a3da763d831681) Importer(815301076,1909f56bfc062723c751e8b465ee728b)  -> (artifact id: 'b4a6156b8ab63bbf2fb0364163e1ae33') in 0.039558 seconds 
  Import took 0.046045 seconds .

AssetImportWorkerClient::OnTransportError - code=2 error=End of file
