Using pre-set license
Built from '2020.3/staging' branch; Version is '2020.3.25f1 (9b9180224418) revision 10195328'; Using compiler version '192528614'; Build Type 'Release'
OS: 'Windows 10  (10.0.19043) 64bit Enterprise' Language: 'en' Physical Memory: 16300 MB
BatchMode: 1, IsHumanControllingUs: 0, StartBugReporterOnCrash: 0, Is64bit: 1, IsPro: 0

COMMAND LINE ARGUMENTS:
D:\UnityVersion\2020.3.25f1\Editor\Unity.exe
-adb2
-batchMode
-noUpm
-name
AssetImportWorker8
-projectPath
D:/GithubProject/MythVFX
-logFile
Logs/AssetImportWorker8.log
-srvPort
53514
Successfully changed project path to: D:/GithubProject/MythVFX
D:/GithubProject/MythVFX
Using Asset Import Pipeline V2.
Refreshing native plugins compatible for Editor in 102.75 ms, found 4 plugins.
Preloading 0 native plugins for Editor in 0.00 ms.
Initialize engine version: 2020.3.25f1 (9b9180224418)
[Subsystems] Discovering subsystems at path D:/UnityVersion/2020.3.25f1/Editor/Data/Resources/UnitySubsystems
[Subsystems] Discovering subsystems at path D:/GithubProject/MythVFX/Assets
GfxDevice: creating device client; threaded=0
Direct3D:
    Version:  Direct3D 11.0 [level 11.1]
    Renderer: NVIDIA GeForce GTX 1050 Ti (ID=0x1c82)
    Vendor:   
    VRAM:     4018 MB
    Driver:   30.0.15.1259
Initialize mono
Mono path[0] = 'D:/UnityVersion/2020.3.25f1/Editor/Data/Managed'
Mono path[1] = 'D:/UnityVersion/2020.3.25f1/Editor/Data/MonoBleedingEdge/lib/mono/unityjit'
Mono config path = 'D:/UnityVersion/2020.3.25f1/Editor/Data/MonoBleedingEdge/etc'
Using monoOptions --debugger-agent=transport=dt_socket,embedding=1,server=y,suspend=n,address=127.0.0.1:56552
Begin MonoManager ReloadAssembly
Registering precompiled unity dll's ...
Register platform support module: D:/UnityVersion/2020.3.25f1/Editor/Data/PlaybackEngines/WindowsStandaloneSupport/UnityEditor.WindowsStandalone.Extensions.dll
Registered in 0.000823 seconds.
Native extension for WindowsStandalone target not found
Refreshing native plugins compatible for Editor in 113.88 ms, found 4 plugins.
Preloading 0 native plugins for Editor in 0.00 ms.
Mono: successfully reloaded assembly
- Completed reload, in  0.640 seconds
Domain Reload Profiling:
	ReloadAssembly (640ms)
		BeginReloadAssembly (46ms)
			ExecutionOrderSort (0ms)
			DisableScriptedObjects (0ms)
			BackupInstance (0ms)
			ReleaseScriptingObjects (0ms)
			CreateAndSetChildDomain (1ms)
		EndReloadAssembly (528ms)
			LoadAssemblies (45ms)
			RebuildTransferFunctionScriptingTraits (0ms)
			SetupTypeCache (162ms)
			ReleaseScriptCaches (0ms)
			RebuildScriptCaches (32ms)
			SetupLoadedEditorAssemblies (230ms)
				LogAssemblyErrors (0ms)
				InitializePlatformSupportModulesInManaged (4ms)
				SetLoadedEditorAssemblies (0ms)
				RefreshPlugins (114ms)
				BeforeProcessingInitializeOnLoad (13ms)
				ProcessInitializeOnLoadAttributes (74ms)
				ProcessInitializeOnLoadMethodAttributes (25ms)
				AfterProcessingInitializeOnLoad (0ms)
				EditorAssembliesLoaded (0ms)
			ExecutionOrderSort2 (0ms)
			AwakeInstancesAfterBackupRestoration (0ms)
Platform modules already initialized, skipping
Registering precompiled user dll's ...
Registered in 0.004384 seconds.
Begin MonoManager ReloadAssembly
Native extension for WindowsStandalone target not found
Refreshing native plugins compatible for Editor in 585.19 ms, found 4 plugins.
Preloading 0 native plugins for Editor in 0.00 ms.
Mono: successfully reloaded assembly
- Completed reload, in  6.339 seconds
Domain Reload Profiling:
	ReloadAssembly (6368ms)
		BeginReloadAssembly (230ms)
			ExecutionOrderSort (0ms)
			DisableScriptedObjects (4ms)
			BackupInstance (0ms)
			ReleaseScriptingObjects (0ms)
			CreateAndSetChildDomain (67ms)
		EndReloadAssembly (6003ms)
			LoadAssemblies (3686ms)
			RebuildTransferFunctionScriptingTraits (0ms)
			SetupTypeCache (812ms)
			ReleaseScriptCaches (1ms)
			RebuildScriptCaches (101ms)
			SetupLoadedEditorAssemblies (1281ms)
				LogAssemblyErrors (0ms)
				InitializePlatformSupportModulesInManaged (3ms)
				SetLoadedEditorAssemblies (0ms)
				RefreshPlugins (585ms)
				BeforeProcessingInitializeOnLoad (129ms)
				ProcessInitializeOnLoadAttributes (458ms)
				ProcessInitializeOnLoadMethodAttributes (104ms)
				AfterProcessingInitializeOnLoad (2ms)
				EditorAssembliesLoaded (0ms)
			ExecutionOrderSort2 (0ms)
			AwakeInstancesAfterBackupRestoration (6ms)
Platform modules already initialized, skipping
========================================================================
Worker process is ready to serve import requests
Launched and connected shader compiler UnityShaderCompiler.exe after 0.74 seconds
Refreshing native plugins compatible for Editor in 1.20 ms, found 4 plugins.
Preloading 0 native plugins for Editor in 0.00 ms.
Unloading 4561 Unused Serialized files (Serialized files now loaded: 0)
System memory in use before: 305.0 MB.
System memory in use after: 305.2 MB.

Unloading 35 unused Assets to reduce memory usage. Loaded Objects now: 5003.
Total: 323.553600 ms (FindLiveObjects: 0.372600 ms CreateObjectMapping: 0.286400 ms MarkObjects: 322.674500 ms  DeleteObjects: 0.218700 ms)

AssetImportParameters requested are different than current active one (requested -> active):
  custom:framework-win-MediaFoundation: 216162199b28c13a410421893ffa2e32 -> 
  custom:video-decoder-ogg-theora: a1e56fd34408186e4bbccfd4996cb3dc -> 
  custom:container-muxer-webm: aa71ff27fc2769a1b78a27578f13a17b -> 
  custom:container-demuxer-webm: 4f35f7cbe854078d1ac9338744f61a02 -> 
  custom:container-demuxer-ogg: 62fdf1f143b41e24485cea50d1cbac27 -> 
  custom:video-encoder-webm-vp8: eb34c28f22e8b96e1ab97ce403110664 -> 
  custom:video-decoder-webm-vp8: 9c59270c3fd7afecdb556c50c9e8de78 -> 
  custom:audio-decoder-ogg-vorbis: bf7c407c2cedff20999df2af8eb42d56 -> 
  custom:audio-encoder-webm-vorbis: bf7c407c2cedff20999df2af8eb42d56 -> 
========================================================================
Received Import Request.
  path: Assets/VFX/_NgchipvVFX/VFXBonus/GodIconSkill/Materials/M_HexagonFlare.mat
  artifactKey: Guid(4150628a6628a67429205eb2df82e3b6) Importer(815301076,1909f56bfc062723c751e8b465ee728b)
Start importing Assets/VFX/_NgchipvVFX/VFXBonus/GodIconSkill/Materials/M_HexagonFlare.mat using Guid(4150628a6628a67429205eb2df82e3b6) Importer(815301076,1909f56bfc062723c751e8b465ee728b)  -> (artifact id: '0d9a3f83cfd3e4c557f53d20b3f7f83d') in 1.041137 seconds 
  Import took 1.081933 seconds .

========================================================================
Received Import Request.
  Time since last request: 0.000187 seconds.
  path: Assets/VFX/_NgchipvVFX/VFXBonus/God_IconUI/New Scene/Global Volume Profile.asset
  artifactKey: Guid(5af699c29f81e474c9dacb5584782229) Importer(815301076,1909f56bfc062723c751e8b465ee728b)
Start importing Assets/VFX/_NgchipvVFX/VFXBonus/God_IconUI/New Scene/Global Volume Profile.asset using Guid(5af699c29f81e474c9dacb5584782229) Importer(815301076,1909f56bfc062723c751e8b465ee728b)  -> (artifact id: '4e884fc914b573a96cc8bbc0abdb8256') in 0.033836 seconds 
  Import took 0.063838 seconds .

========================================================================
Received Import Request.
  Time since last request: 0.000171 seconds.
  path: Assets/VFX/_NgchipvVFX/VFXBonus/God_IconUI/Materials/M_TrailGodIconLighter.mat
  artifactKey: Guid(0fd87247dbf6a8541b461d447f09bde4) Importer(815301076,1909f56bfc062723c751e8b465ee728b)
Start importing Assets/VFX/_NgchipvVFX/VFXBonus/God_IconUI/Materials/M_TrailGodIconLighter.mat using Guid(0fd87247dbf6a8541b461d447f09bde4) Importer(815301076,1909f56bfc062723c751e8b465ee728b)  -> (artifact id: '62be350dce8f927eec61446187876e9c') in 0.100068 seconds 
  Import took 0.199361 seconds .

========================================================================
Received Import Request.
  Time since last request: 0.000189 seconds.
  path: Assets/VFX/_NgchipvVFX/VFXBonus/GodIconSkill/Prefab/GodButton_Activable.prefab
  artifactKey: Guid(d4315360ae23f3044918d865785dff62) Importer(815301076,1909f56bfc062723c751e8b465ee728b)
Start importing Assets/VFX/_NgchipvVFX/VFXBonus/GodIconSkill/Prefab/GodButton_Activable.prefab using Guid(d4315360ae23f3044918d865785dff62) Importer(815301076,1909f56bfc062723c751e8b465ee728b)  -> (artifact id: '02a4b31f5b5ef60501166dcdb2fa0a08') in 0.697741 seconds 
  Import took 0.835540 seconds .

========================================================================
Received Import Request.
  Time since last request: 0.000224 seconds.
  path: Assets/VFX/_NgchipvVFX/VFXBonus/God_IconUI/Prefab
  artifactKey: Guid(6c8c8461dfbc372498cb32704711e8ad) Importer(815301076,1909f56bfc062723c751e8b465ee728b)
Start importing Assets/VFX/_NgchipvVFX/VFXBonus/God_IconUI/Prefab using Guid(6c8c8461dfbc372498cb32704711e8ad) Importer(815301076,1909f56bfc062723c751e8b465ee728b)  -> (artifact id: 'd91d160018d68a637a6e675d3872b2da') in 0.025585 seconds 
  Import took 0.070056 seconds .

========================================================================
Received Import Request.
  Time since last request: 0.000286 seconds.
  path: Assets/VFX/_NgchipvVFX/VFXBonus/God_IconUI/Prefab/CardGodIconUI.prefab
  artifactKey: Guid(e29d5161141f76342b53805c3d9b1c83) Importer(815301076,1909f56bfc062723c751e8b465ee728b)
Start importing Assets/VFX/_NgchipvVFX/VFXBonus/God_IconUI/Prefab/CardGodIconUI.prefab using Guid(e29d5161141f76342b53805c3d9b1c83) Importer(815301076,1909f56bfc062723c751e8b465ee728b)  -> (artifact id: 'dbf210b8e75cd49011cec332ab3822bd') in 0.242863 seconds 
  Import took 0.356812 seconds .

========================================================================
Received Import Request.
  Time since last request: 0.000264 seconds.
  path: Assets/VFX/_NgchipvVFX/VFXBonus/God_IconUI/Materials/M_GlowCard.mat
  artifactKey: Guid(1c861c40bbff478419cf54a2992b974e) Importer(815301076,1909f56bfc062723c751e8b465ee728b)
Start importing Assets/VFX/_NgchipvVFX/VFXBonus/God_IconUI/Materials/M_GlowCard.mat using Guid(1c861c40bbff478419cf54a2992b974e) Importer(815301076,1909f56bfc062723c751e8b465ee728b)  -> (artifact id: '56df746aecd90feb21861ce003833dc7') in 0.028587 seconds 
  Import took 0.064538 seconds .

========================================================================
Received Import Request.
  Time since last request: 0.000229 seconds.
  path: Assets/VFX/_NgchipvVFX/VFXBonus/GodIconSkill/Prefab/GodButton_Activating.prefab
  artifactKey: Guid(65de7aea81d709547b344bf23dd09554) Importer(815301076,1909f56bfc062723c751e8b465ee728b)
Start importing Assets/VFX/_NgchipvVFX/VFXBonus/GodIconSkill/Prefab/GodButton_Activating.prefab using Guid(65de7aea81d709547b344bf23dd09554) Importer(815301076,1909f56bfc062723c751e8b465ee728b)  -> (artifact id: 'da9c44ae407fca3c547394313966febb') in 0.139203 seconds 
  Import took 0.181022 seconds .

========================================================================
Received Import Request.
  Time since last request: 0.000229 seconds.
  path: Assets/VFX/_NgchipvVFX/VFXBonus/GodIconSkill/Source
  artifactKey: Guid(523249c5a4116f84a90fb1aa4736af7b) Importer(815301076,1909f56bfc062723c751e8b465ee728b)
Start importing Assets/VFX/_NgchipvVFX/VFXBonus/GodIconSkill/Source using Guid(523249c5a4116f84a90fb1aa4736af7b) Importer(815301076,1909f56bfc062723c751e8b465ee728b)  -> (artifact id: '666ff3a79c39d0e86c88059327223ffb') in 0.000882 seconds 
  Import took 0.022899 seconds .

========================================================================
Received Import Request.
  Time since last request: 0.000193 seconds.
  path: Assets/VFX/_NgchipvVFX/VFXBonus/God_IconUI/Materials/M_TrailGodIcon.mat
  artifactKey: Guid(30760d924d4ceef4bbcac67a1f6b2d15) Importer(815301076,1909f56bfc062723c751e8b465ee728b)
Start importing Assets/VFX/_NgchipvVFX/VFXBonus/God_IconUI/Materials/M_TrailGodIcon.mat using Guid(30760d924d4ceef4bbcac67a1f6b2d15) Importer(815301076,1909f56bfc062723c751e8b465ee728b)  -> (artifact id: '760300c701fb9f6cd8d19682d4441f0d') in 0.046550 seconds 
  Import took 0.083278 seconds .

========================================================================
Received Import Request.
  Time since last request: 0.000179 seconds.
  path: Assets/VFX/_NgchipvVFX/VFXBonus/GodIconSkill/Prefab/GodButton_Unlock.prefab
  artifactKey: Guid(07ef464dbb6fd764f8b60b32140130cb) Importer(815301076,1909f56bfc062723c751e8b465ee728b)
Start importing Assets/VFX/_NgchipvVFX/VFXBonus/GodIconSkill/Prefab/GodButton_Unlock.prefab using Guid(07ef464dbb6fd764f8b60b32140130cb) Importer(815301076,1909f56bfc062723c751e8b465ee728b)  -> (artifact id: 'b8cb8a272f00506ad445bdfbf25482eb') in 0.065745 seconds 
  Import took 0.115287 seconds .

========================================================================
Received Import Request.
  Time since last request: 0.000181 seconds.
  path: Assets/VFX/_NgchipvVFX/VFXBonus/God_IconUI/Source
  artifactKey: Guid(5a9bb5ec2cb445944a557d747619205a) Importer(815301076,1909f56bfc062723c751e8b465ee728b)
Start importing Assets/VFX/_NgchipvVFX/VFXBonus/God_IconUI/Source using Guid(5a9bb5ec2cb445944a557d747619205a) Importer(815301076,1909f56bfc062723c751e8b465ee728b)  -> (artifact id: 'a0436cee880d3c1914d51634d2beca8c') in 0.001029 seconds 
  Import took 0.019419 seconds .

========================================================================
Received Import Request.
  Time since last request: 0.000195 seconds.
  path: Assets/VFX/_NgchipvVFX/VFXBonus/GodIconSkill/Prefab/GodButton_Lock.prefab
  artifactKey: Guid(fc6b51da5e196944fa59c68a0d2b5c1b) Importer(815301076,1909f56bfc062723c751e8b465ee728b)
Start importing Assets/VFX/_NgchipvVFX/VFXBonus/GodIconSkill/Prefab/GodButton_Lock.prefab using Guid(fc6b51da5e196944fa59c68a0d2b5c1b) Importer(815301076,1909f56bfc062723c751e8b465ee728b)  -> (artifact id: '4ec5697506b6f1bea2947abfce54459e') in 0.377883 seconds 
  Import took 0.407420 seconds .

========================================================================
Received Import Request.
  Time since last request: 58.431784 seconds.
  path: Assets/VFX/_NgchipvVFX/VFXBonus/GodIconSkill/Materials/beamglow 2.mat
  artifactKey: Guid(f40681ae0a1b0164c9a055f056249e41) Importer(815301076,1909f56bfc062723c751e8b465ee728b)
Start importing Assets/VFX/_NgchipvVFX/VFXBonus/GodIconSkill/Materials/beamglow 2.mat using Guid(f40681ae0a1b0164c9a055f056249e41) Importer(815301076,1909f56bfc062723c751e8b465ee728b)  -> (artifact id: 'e4ca0665112b57f41fd41a6fbae7f8ce') in 0.143695 seconds 
  Import took 0.186187 seconds .

========================================================================
Received Import Request.
  Time since last request: 0.000206 seconds.
  path: Assets/VFX/_NgchipvVFX/VFXBonus/GodIconSkill/Materials/M_GodIcoLockAura.mat
  artifactKey: Guid(4086ed8c9eadf3841ba9eb65723a9ed4) Importer(815301076,1909f56bfc062723c751e8b465ee728b)
Start importing Assets/VFX/_NgchipvVFX/VFXBonus/GodIconSkill/Materials/M_GodIcoLockAura.mat using Guid(4086ed8c9eadf3841ba9eb65723a9ed4) Importer(815301076,1909f56bfc062723c751e8b465ee728b)  -> (artifact id: 'de30bc48d9056a846f785d0adffe3516') in 0.047225 seconds 
  Import took 0.078266 seconds .

========================================================================
Received Import Request.
  Time since last request: 0.000258 seconds.
  path: Assets/VFX/_NgchipvVFX/VFXBonus/GodIconSkill/Materials/M_Flare.mat
  artifactKey: Guid(b1b9e7123ba1e2b4aa1d0c55c0bcbf7c) Importer(815301076,1909f56bfc062723c751e8b465ee728b)
Start importing Assets/VFX/_NgchipvVFX/VFXBonus/GodIconSkill/Materials/M_Flare.mat using Guid(b1b9e7123ba1e2b4aa1d0c55c0bcbf7c) Importer(815301076,1909f56bfc062723c751e8b465ee728b)  -> (artifact id: '1b3dadc6c413ffb82b2cecdeef17c65f') in 0.010010 seconds 
  Import took 0.035895 seconds .

========================================================================
Received Import Request.
  Time since last request: 0.000138 seconds.
  path: Assets/VFX/_NgchipvVFX/VFXBonus/GodIconSkill/Materials/M_GodButtonSheet.mat
  artifactKey: Guid(47cf702fb1b75a54f8d25ae72f06025c) Importer(815301076,1909f56bfc062723c751e8b465ee728b)
Start importing Assets/VFX/_NgchipvVFX/VFXBonus/GodIconSkill/Materials/M_GodButtonSheet.mat using Guid(47cf702fb1b75a54f8d25ae72f06025c) Importer(815301076,1909f56bfc062723c751e8b465ee728b)  -> (artifact id: '6ec2c88e2d33f09442638442ef352846') in 0.030772 seconds 
  Import took 0.063694 seconds .

========================================================================
Received Import Request.
  Time since last request: 0.000178 seconds.
  path: Assets/VFX/_NgchipvVFX/VFXBonus/GodIconSkill/Materials/GodButtonSheet.mat
  artifactKey: Guid(cd8b3c235b57cb64699954d3a3cd896d) Importer(815301076,1909f56bfc062723c751e8b465ee728b)
Start importing Assets/VFX/_NgchipvVFX/VFXBonus/GodIconSkill/Materials/GodButtonSheet.mat using Guid(cd8b3c235b57cb64699954d3a3cd896d) Importer(815301076,1909f56bfc062723c751e8b465ee728b)  -> (artifact id: '9964568b7f21b8297c74086b66ad31c6') in 0.040784 seconds 
  Import took 0.083103 seconds .

========================================================================
Received Import Request.
  Time since last request: 0.000159 seconds.
  path: Assets/VFX/_NgchipvVFX/VFXBonus/GodIconSkill/Materials/M_ButtonGlow.mat
  artifactKey: Guid(ff479011cdc9e144bae1f56b4f932679) Importer(815301076,1909f56bfc062723c751e8b465ee728b)
Start importing Assets/VFX/_NgchipvVFX/VFXBonus/GodIconSkill/Materials/M_ButtonGlow.mat using Guid(ff479011cdc9e144bae1f56b4f932679) Importer(815301076,1909f56bfc062723c751e8b465ee728b)  -> (artifact id: '8df0ece0c1e9353779f610e1600da90f') in 0.028125 seconds 
  Import took 0.035339 seconds .

========================================================================
Received Import Request.
  Time since last request: 5.271957 seconds.
  path: Assets/VFX/_NgchipvVFX/VFXBonus/GodIconSkill/Textures
  artifactKey: Guid(64523befdbd095d40b31dec0cbd77456) Importer(815301076,1909f56bfc062723c751e8b465ee728b)
Start importing Assets/VFX/_NgchipvVFX/VFXBonus/GodIconSkill/Textures using Guid(64523befdbd095d40b31dec0cbd77456) Importer(815301076,1909f56bfc062723c751e8b465ee728b)  -> (artifact id: 'c380e9d5a08741fde84137147740ce44') in 0.023468 seconds 
  Import took 0.147449 seconds .

========================================================================
Received Import Request.
  Time since last request: 86.160862 seconds.
  path: Assets/VFX/_NgchipvVFX/VFXBonus/GodIconSkill/Textures/photo_2022-10-27_17-01-37.jpg
  artifactKey: Guid(09b69938d77fe6a4dae6825b1a435a96) Importer(815301076,1909f56bfc062723c751e8b465ee728b)
Start importing Assets/VFX/_NgchipvVFX/VFXBonus/GodIconSkill/Textures/photo_2022-10-27_17-01-37.jpg using Guid(09b69938d77fe6a4dae6825b1a435a96) Importer(815301076,1909f56bfc062723c751e8b465ee728b)  -> (artifact id: '80adebdc90a587b2e3d98a95417ed2c8') in 0.050895 seconds 
  Import took 0.090520 seconds .

========================================================================
Received Import Request.
  Time since last request: 116.784735 seconds.
  path: Assets/VFX/_NgchipvVFX/VFXBonus/GodIconSkill/Source/GodIconSkill_StaticPose.fbx
  artifactKey: Guid(fd8004374b2b79b46aa744ce95d5ec5c) Importer(815301076,1909f56bfc062723c751e8b465ee728b)
Start importing Assets/VFX/_NgchipvVFX/VFXBonus/GodIconSkill/Source/GodIconSkill_StaticPose.fbx using Guid(fd8004374b2b79b46aa744ce95d5ec5c) Importer(815301076,1909f56bfc062723c751e8b465ee728b)  -> (artifact id: '27f5a39a3af7d4be6674a4e8d405e74b') in 0.143428 seconds 
  Import took 0.185470 seconds .

========================================================================
Received Import Request.
  Time since last request: 15.174507 seconds.
  path: Assets/VFX/_NgchipvVFX/VFXBonus/GodIconSkill/Materials
  artifactKey: Guid(3b90a0a641d03454882be8fa278b5db8) Importer(815301076,1909f56bfc062723c751e8b465ee728b)
Start importing Assets/VFX/_NgchipvVFX/VFXBonus/GodIconSkill/Materials using Guid(3b90a0a641d03454882be8fa278b5db8) Importer(815301076,1909f56bfc062723c751e8b465ee728b)  -> (artifact id: 'dfe6323eade4040bec8cb8f75f40d908') in 0.001282 seconds 
  Import took 0.038950 seconds .

========================================================================
Received Import Request.
  Time since last request: 11.231073 seconds.
  path: Assets/VFX/_NgchipvVFX/VFXBonus/GodIconSkill/Materials/New Folder
  artifactKey: Guid(3e7f9a46eabcbbe4893bc2d19d30c45e) Importer(815301076,1909f56bfc062723c751e8b465ee728b)
Start importing Assets/VFX/_NgchipvVFX/VFXBonus/GodIconSkill/Materials/New Folder using Guid(3e7f9a46eabcbbe4893bc2d19d30c45e) Importer(815301076,1909f56bfc062723c751e8b465ee728b)  -> (artifact id: 'bcd3c731a427b36ea9a16ad77d8c1216') in 0.000883 seconds 
  Import took 0.026121 seconds .

========================================================================
Received Import Request.
  Time since last request: 10.478316 seconds.
  path: Assets/VFX/_NgchipvVFX/VFXBonus/GodIconSkill/Materials/M_GodIconOuterGlow.mat
  artifactKey: Guid(4b488a5cf6f54c6439cd234935788901) Importer(815301076,1909f56bfc062723c751e8b465ee728b)
Start importing Assets/VFX/_NgchipvVFX/VFXBonus/GodIconSkill/Materials/M_GodIconOuterGlow.mat using Guid(4b488a5cf6f54c6439cd234935788901) Importer(815301076,1909f56bfc062723c751e8b465ee728b)  -> (artifact id: '41b5a9781b7d72100d2c11b91690858e') in 0.007443 seconds 
  Import took 0.101251 seconds .

========================================================================
Received Import Request.
  Time since last request: 0.000174 seconds.
  path: Assets/VFX/_NgchipvVFX/VFXBonus/GodIconSkill/Materials/M_GodIconSkill_Locked.mat
  artifactKey: Guid(775ef8468d7c429418c1d1fd0ffd1ebc) Importer(815301076,1909f56bfc062723c751e8b465ee728b)
Start importing Assets/VFX/_NgchipvVFX/VFXBonus/GodIconSkill/Materials/M_GodIconSkill_Locked.mat using Guid(775ef8468d7c429418c1d1fd0ffd1ebc) Importer(815301076,1909f56bfc062723c751e8b465ee728b)  -> (artifact id: 'e1a461a7eb12937460a1fad531ddadfc') in 0.007608 seconds 
  Import took 0.028989 seconds .

========================================================================
Received Import Request.
  Time since last request: 0.000164 seconds.
  path: Assets/VFX/_NgchipvVFX/VFXBonus/GodIconSkill/Materials/M_IconInSide.mat
  artifactKey: Guid(a79e8b14f70c30541aae450830684f50) Importer(815301076,1909f56bfc062723c751e8b465ee728b)
Start importing Assets/VFX/_NgchipvVFX/VFXBonus/GodIconSkill/Materials/M_IconInSide.mat using Guid(a79e8b14f70c30541aae450830684f50) Importer(815301076,1909f56bfc062723c751e8b465ee728b)  -> (artifact id: '4c46c8312fb1819a65f14bfc3f917522') in 0.006242 seconds 
  Import took 0.072342 seconds .

========================================================================
Received Import Request.
  Time since last request: 0.000173 seconds.
  path: Assets/VFX/_NgchipvVFX/VFXBonus/GodIconSkill/Materials/M_GodIconSkill.mat
  artifactKey: Guid(4073b8115d2e4ff42aa657d406060ff7) Importer(815301076,1909f56bfc062723c751e8b465ee728b)
Start importing Assets/VFX/_NgchipvVFX/VFXBonus/GodIconSkill/Materials/M_GodIconSkill.mat using Guid(4073b8115d2e4ff42aa657d406060ff7) Importer(815301076,1909f56bfc062723c751e8b465ee728b)  -> (artifact id: '78d351eb26f2af4de02cee837f7333b2') in 0.006805 seconds 
  Import took 0.088451 seconds .

========================================================================
Received Import Request.
  Time since last request: 84.514979 seconds.
  path: Assets/VFX/_NgchipvVFX/VFXBonus/GodIconSkill/Prefab/GodButton_Activating.prefab
  artifactKey: Guid(65de7aea81d709547b344bf23dd09554) Importer(815301076,1909f56bfc062723c751e8b465ee728b)
Start importing Assets/VFX/_NgchipvVFX/VFXBonus/GodIconSkill/Prefab/GodButton_Activating.prefab using Guid(65de7aea81d709547b344bf23dd09554) Importer(815301076,1909f56bfc062723c751e8b465ee728b)  -> (artifact id: 'b6d41bbe829acd4690f1c1718eaeb7ae') in 0.020698 seconds 
  Import took 0.055045 seconds .

========================================================================
Received Import Request.
  Time since last request: 12.486926 seconds.
  path: Assets/VFX/_NgchipvVFX/VFXBonus/GodIconSkill/Source/GodIconSkill_StaticPose.fbx
  artifactKey: Guid(fd8004374b2b79b46aa744ce95d5ec5c) Importer(815301076,1909f56bfc062723c751e8b465ee728b)
Start importing Assets/VFX/_NgchipvVFX/VFXBonus/GodIconSkill/Source/GodIconSkill_StaticPose.fbx using Guid(fd8004374b2b79b46aa744ce95d5ec5c) Importer(815301076,1909f56bfc062723c751e8b465ee728b)  -> (artifact id: '82664c9b8905506be829ee928a646412') in 0.046609 seconds 
  Import took 0.073589 seconds .

========================================================================
Received Import Request.
  Time since last request: 574.298743 seconds.
  path: Assets/VFX/_NgchipvVFX/VFXBonus/GodIconSkill/Demo
  artifactKey: Guid(c8c4fcf2172880b48b3176a519899317) Importer(815301076,1909f56bfc062723c751e8b465ee728b)
Start importing Assets/VFX/_NgchipvVFX/VFXBonus/GodIconSkill/Demo using Guid(c8c4fcf2172880b48b3176a519899317) Importer(815301076,1909f56bfc062723c751e8b465ee728b)  -> (artifact id: '43b5a8e3a0fb581a284c5c2f437c5b7a') in 0.001034 seconds 
  Import took 0.035629 seconds .

AssetImportWorkerClient::OnTransportError - code=2 error=End of file
