Using pre-set license
Built from '2020.3/staging' branch; Version is '2020.3.25f1 (9b9180224418) revision 10195328'; Using compiler version '192528614'; Build Type 'Release'
OS: 'Windows 10  (10.0.19045) 64bit Enterprise' Language: 'en' Physical Memory: 16300 MB
BatchMode: 1, IsHumanControllingUs: 0, StartBugReporterOnCrash: 0, Is64bit: 1, IsPro: 0

COMMAND LINE ARGUMENTS:
D:\UnityVersion\2020.3.25f1\Editor\Unity.exe
-adb2
-batchMode
-noUpm
-name
AssetImportWorker3
-projectPath
D:/GithubProject/MythVFX
-logFile
Logs/AssetImportWorker3.log
-srvPort
58555
Successfully changed project path to: D:/GithubProject/MythVFX
D:/GithubProject/MythVFX
Using Asset Import Pipeline V2.
Refreshing native plugins compatible for Editor in 112.66 ms, found 4 plugins.
Preloading 0 native plugins for Editor in 0.00 ms.
Initialize engine version: 2020.3.25f1 (9b9180224418)
[Subsystems] Discovering subsystems at path D:/UnityVersion/2020.3.25f1/Editor/Data/Resources/UnitySubsystems
[Subsystems] Discovering subsystems at path D:/GithubProject/MythVFX/Assets
GfxDevice: creating device client; threaded=0
Direct3D:
    Version:  Direct3D 11.0 [level 11.1]
    Renderer: NVIDIA GeForce GTX 1050 Ti (ID=0x1c82)
    Vendor:   
    VRAM:     4019 MB
    Driver:   31.0.15.1694
Initialize mono
Mono path[0] = 'D:/UnityVersion/2020.3.25f1/Editor/Data/Managed'
Mono path[1] = 'D:/UnityVersion/2020.3.25f1/Editor/Data/MonoBleedingEdge/lib/mono/unityjit'
Mono config path = 'D:/UnityVersion/2020.3.25f1/Editor/Data/MonoBleedingEdge/etc'
Using monoOptions --debugger-agent=transport=dt_socket,embedding=1,server=y,suspend=n,address=127.0.0.1:56572
Begin MonoManager ReloadAssembly
Registering precompiled unity dll's ...
Register platform support module: D:/UnityVersion/2020.3.25f1/Editor/Data/PlaybackEngines/WindowsStandaloneSupport/UnityEditor.WindowsStandalone.Extensions.dll
Registered in 0.000831 seconds.
Native extension for WindowsStandalone target not found
Refreshing native plugins compatible for Editor in 107.91 ms, found 4 plugins.
Preloading 0 native plugins for Editor in 0.00 ms.
Mono: successfully reloaded assembly
- Completed reload, in  0.657 seconds
Domain Reload Profiling:
	ReloadAssembly (657ms)
		BeginReloadAssembly (47ms)
			ExecutionOrderSort (0ms)
			DisableScriptedObjects (0ms)
			BackupInstance (0ms)
			ReleaseScriptingObjects (0ms)
			CreateAndSetChildDomain (1ms)
		EndReloadAssembly (539ms)
			LoadAssemblies (46ms)
			RebuildTransferFunctionScriptingTraits (0ms)
			SetupTypeCache (154ms)
			ReleaseScriptCaches (0ms)
			RebuildScriptCaches (30ms)
			SetupLoadedEditorAssemblies (245ms)
				LogAssemblyErrors (0ms)
				InitializePlatformSupportModulesInManaged (5ms)
				SetLoadedEditorAssemblies (0ms)
				RefreshPlugins (108ms)
				BeforeProcessingInitializeOnLoad (13ms)
				ProcessInitializeOnLoadAttributes (86ms)
				ProcessInitializeOnLoadMethodAttributes (32ms)
				AfterProcessingInitializeOnLoad (0ms)
				EditorAssembliesLoaded (0ms)
			ExecutionOrderSort2 (0ms)
			AwakeInstancesAfterBackupRestoration (0ms)
Platform modules already initialized, skipping
Registering precompiled user dll's ...
Registered in 0.005438 seconds.
Begin MonoManager ReloadAssembly
Native extension for WindowsStandalone target not found
Refreshing native plugins compatible for Editor in 151.28 ms, found 4 plugins.
Preloading 0 native plugins for Editor in 0.00 ms.
Mono: successfully reloaded assembly
- Completed reload, in  3.092 seconds
Domain Reload Profiling:
	ReloadAssembly (3108ms)
		BeginReloadAssembly (228ms)
			ExecutionOrderSort (0ms)
			DisableScriptedObjects (4ms)
			BackupInstance (0ms)
			ReleaseScriptingObjects (0ms)
			CreateAndSetChildDomain (80ms)
		EndReloadAssembly (2792ms)
			LoadAssemblies (1033ms)
			RebuildTransferFunctionScriptingTraits (0ms)
			SetupTypeCache (707ms)
			ReleaseScriptCaches (1ms)
			RebuildScriptCaches (74ms)
			SetupLoadedEditorAssemblies (847ms)
				LogAssemblyErrors (0ms)
				InitializePlatformSupportModulesInManaged (3ms)
				SetLoadedEditorAssemblies (0ms)
				RefreshPlugins (151ms)
				BeforeProcessingInitializeOnLoad (145ms)
				ProcessInitializeOnLoadAttributes (433ms)
				ProcessInitializeOnLoadMethodAttributes (112ms)
				AfterProcessingInitializeOnLoad (2ms)
				EditorAssembliesLoaded (0ms)
			ExecutionOrderSort2 (0ms)
			AwakeInstancesAfterBackupRestoration (6ms)
Platform modules already initialized, skipping
========================================================================
Worker process is ready to serve import requests
Launched and connected shader compiler UnityShaderCompiler.exe after 0.37 seconds
Refreshing native plugins compatible for Editor in 1.03 ms, found 4 plugins.
Preloading 0 native plugins for Editor in 0.00 ms.
Unloading 3871 Unused Serialized files (Serialized files now loaded: 0)
System memory in use before: 167.4 MB.
System memory in use after: 167.6 MB.

Unloading 35 unused Assets to reduce memory usage. Loaded Objects now: 4303.
Total: 3.423500 ms (FindLiveObjects: 0.321500 ms CreateObjectMapping: 0.206200 ms MarkObjects: 2.775500 ms  DeleteObjects: 0.119200 ms)

AssetImportParameters requested are different than current active one (requested -> active):
  custom:framework-win-MediaFoundation: 216162199b28c13a410421893ffa2e32 -> 
  custom:video-decoder-ogg-theora: a1e56fd34408186e4bbccfd4996cb3dc -> 
  custom:container-muxer-webm: aa71ff27fc2769a1b78a27578f13a17b -> 
  custom:container-demuxer-webm: 4f35f7cbe854078d1ac9338744f61a02 -> 
  custom:container-demuxer-ogg: 62fdf1f143b41e24485cea50d1cbac27 -> 
  custom:video-encoder-webm-vp8: eb34c28f22e8b96e1ab97ce403110664 -> 
  custom:video-decoder-webm-vp8: 9c59270c3fd7afecdb556c50c9e8de78 -> 
  custom:audio-decoder-ogg-vorbis: bf7c407c2cedff20999df2af8eb42d56 -> 
  custom:audio-encoder-webm-vorbis: bf7c407c2cedff20999df2af8eb42d56 -> 
========================================================================
Received Import Request.
  path: Assets/VFX/_NgchipvGodVFX/Demeter/Source/T_GrassFullDemeter.png
  artifactKey: Guid(8245dbe8e5431ff41a4f03bfa1050fe6) Importer(815301076,1909f56bfc062723c751e8b465ee728b)
Start importing Assets/VFX/_NgchipvGodVFX/Demeter/Source/T_GrassFullDemeter.png using Guid(8245dbe8e5431ff41a4f03bfa1050fe6) Importer(815301076,1909f56bfc062723c751e8b465ee728b)  -> (artifact id: 'f9303445826168fa2e92083354c08af9') in 1.283291 seconds 
  Import took 1.388736 seconds .

========================================================================
Received Import Request.
  Time since last request: 218.892420 seconds.
  path: Assets/VFX/_NgchipvGodVFX/Demeter/Source/M_DemeterGlowCard.mat
  artifactKey: Guid(801b50e14245f6f4e858bf15f296d5c6) Importer(815301076,1909f56bfc062723c751e8b465ee728b)
Start importing Assets/VFX/_NgchipvGodVFX/Demeter/Source/M_DemeterGlowCard.mat using Guid(801b50e14245f6f4e858bf15f296d5c6) Importer(815301076,1909f56bfc062723c751e8b465ee728b)  -> (artifact id: '2dc7aa53efef057ec047b9cf9f0c2c14') in 0.764660 seconds 
  Import took 0.843356 seconds .

========================================================================
Received Import Request.
  Time since last request: 61.616157 seconds.
  path: Assets/VFX/_NgchipvGodVFX/Demeter/Source/M_ButterflyPinkDemeter.mat
  artifactKey: Guid(1382092c703d9d149a01ae9165e907cd) Importer(815301076,1909f56bfc062723c751e8b465ee728b)
Start importing Assets/VFX/_NgchipvGodVFX/Demeter/Source/M_ButterflyPinkDemeter.mat using Guid(1382092c703d9d149a01ae9165e907cd) Importer(815301076,1909f56bfc062723c751e8b465ee728b)  -> (artifact id: '31eeb8a764063ffb777abad93283dc0a') in 0.162250 seconds 
  Import took 0.183116 seconds .

========================================================================
Received Import Request.
  Time since last request: 23.557613 seconds.
  path: Assets/VFX/_NgchipvGodVFX/SonTinh/Source/GlowCard 1.png
  artifactKey: Guid(4a3d32a303a57e24aba83203cec86957) Importer(815301076,1909f56bfc062723c751e8b465ee728b)
Start importing Assets/VFX/_NgchipvGodVFX/SonTinh/Source/GlowCard 1.png using Guid(4a3d32a303a57e24aba83203cec86957) Importer(815301076,1909f56bfc062723c751e8b465ee728b)  -> (artifact id: '03e5c3c26d1778a5f103e0f25ec0ade2') in 0.071074 seconds 
  Import took 0.095304 seconds .

========================================================================
Received Import Request.
  Time since last request: 90.100812 seconds.
  path: Assets/VFX/_NgchipvGodVFX/Demeter/Source/GlowCard 1.png
  artifactKey: Guid(4a3d32a303a57e24aba83203cec86957) Importer(815301076,1909f56bfc062723c751e8b465ee728b)
Start importing Assets/VFX/_NgchipvGodVFX/Demeter/Source/GlowCard 1.png using Guid(4a3d32a303a57e24aba83203cec86957) Importer(815301076,1909f56bfc062723c751e8b465ee728b)  -> (artifact id: '3aa50ff94d5c070efb26d0fe4af2a93f') in 0.063772 seconds 
  Import took 0.108667 seconds .

========================================================================
Received Import Request.
  Time since last request: 42.813593 seconds.
  path: Assets/VFX/_NgchipvGodVFX/Demeter/Source/M_DemeterGlowCard.mat
  artifactKey: Guid(801b50e14245f6f4e858bf15f296d5c6) Importer(815301076,1909f56bfc062723c751e8b465ee728b)
Start importing Assets/VFX/_NgchipvGodVFX/Demeter/Source/M_DemeterGlowCard.mat using Guid(801b50e14245f6f4e858bf15f296d5c6) Importer(815301076,1909f56bfc062723c751e8b465ee728b)  -> (artifact id: '8a8672b36c8e785fb0e4e3514329c005') in 0.065243 seconds 
  Import took 0.085926 seconds .

========================================================================
Received Import Request.
  Time since last request: 458.155641 seconds.
  path: Assets/VFX/_NgchipvGodVFX/Demeter/Source/T_GrassDownDemeter.png
  artifactKey: Guid(9c2dd36dadadbc041abba8d9c29632be) Importer(815301076,1909f56bfc062723c751e8b465ee728b)
Start importing Assets/VFX/_NgchipvGodVFX/Demeter/Source/T_GrassDownDemeter.png using Guid(9c2dd36dadadbc041abba8d9c29632be) Importer(815301076,1909f56bfc062723c751e8b465ee728b)  -> (artifact id: '58c1b99c1988edf40ce61bb6aa75b814') in 0.155960 seconds 
  Import took 0.162799 seconds .

========================================================================
Received Import Request.
  Time since last request: 4.358916 seconds.
  path: Assets/VFX/_NgchipvGodVFX/Demeter/Source/T_GrassDownDemeter.png
  artifactKey: Guid(9c2dd36dadadbc041abba8d9c29632be) Importer(815301076,1909f56bfc062723c751e8b465ee728b)
Start importing Assets/VFX/_NgchipvGodVFX/Demeter/Source/T_GrassDownDemeter.png using Guid(9c2dd36dadadbc041abba8d9c29632be) Importer(815301076,1909f56bfc062723c751e8b465ee728b)  -> (artifact id: '38f0e5c338241f8b02bc05894f13cec4') in 0.015901 seconds 
  Import took 0.022538 seconds .

========================================================================
Received Import Request.
  Time since last request: 844.817865 seconds.
  path: Assets/VFX/_NgchipvGodVFX/Demeter/Source/M_GrassGrowDonDemeter.mat
  artifactKey: Guid(3988b763e570f134da7d63b972ddd0cd) Importer(815301076,1909f56bfc062723c751e8b465ee728b)
Start importing Assets/VFX/_NgchipvGodVFX/Demeter/Source/M_GrassGrowDonDemeter.mat using Guid(3988b763e570f134da7d63b972ddd0cd) Importer(815301076,1909f56bfc062723c751e8b465ee728b)  -> (artifact id: 'cb5f9dc5f49ee83cf311a56f911f5751') in 0.014246 seconds 
  Import took 0.021584 seconds .

========================================================================
Received Import Request.
  Time since last request: 13.549440 seconds.
  path: Assets/VFX/_NgchipvGodVFX/Demeter/Source/T_GlowFlower.png
  artifactKey: Guid(5a3946ff531cc144e9586f3eafea33de) Importer(815301076,1909f56bfc062723c751e8b465ee728b)
Start importing Assets/VFX/_NgchipvGodVFX/Demeter/Source/T_GlowFlower.png using Guid(5a3946ff531cc144e9586f3eafea33de) Importer(815301076,1909f56bfc062723c751e8b465ee728b)  -> (artifact id: '4e49f57ac51d9ffd2d7f092ba9cf7715') in 0.008908 seconds 
  Import took 0.014733 seconds .

========================================================================
Received Import Request.
  Time since last request: 3.019450 seconds.
  path: Assets/VFX/_NgchipvGodVFX/Demeter/Source/T_GlowFlower.png
  artifactKey: Guid(5a3946ff531cc144e9586f3eafea33de) Importer(815301076,1909f56bfc062723c751e8b465ee728b)
Start importing Assets/VFX/_NgchipvGodVFX/Demeter/Source/T_GlowFlower.png using Guid(5a3946ff531cc144e9586f3eafea33de) Importer(815301076,1909f56bfc062723c751e8b465ee728b)  -> (artifact id: 'c72b1ba0eb1fa5db8d202803b0892663') in 0.017230 seconds 
  Import took 0.023294 seconds .

========================================================================
Received Import Request.
  Time since last request: 249.176246 seconds.
  path: Assets/VFX/_NgchipvGodVFX/Demeter/Source/T_Flower.png
  artifactKey: Guid(5d9259b38fb3a144ea328071a9d17192) Importer(815301076,1909f56bfc062723c751e8b465ee728b)
Start importing Assets/VFX/_NgchipvGodVFX/Demeter/Source/T_Flower.png using Guid(5d9259b38fb3a144ea328071a9d17192) Importer(815301076,1909f56bfc062723c751e8b465ee728b)  -> (artifact id: 'c924b3f761eb88cd5d32f72ff1823b9a') in 0.013624 seconds 
  Import took 0.019559 seconds .

========================================================================
Received Import Request.
  Time since last request: 3.822261 seconds.
  path: Assets/VFX/_NgchipvGodVFX/Demeter/Source/T_Flower.png
  artifactKey: Guid(5d9259b38fb3a144ea328071a9d17192) Importer(815301076,1909f56bfc062723c751e8b465ee728b)
Start importing Assets/VFX/_NgchipvGodVFX/Demeter/Source/T_Flower.png using Guid(5d9259b38fb3a144ea328071a9d17192) Importer(815301076,1909f56bfc062723c751e8b465ee728b)  -> (artifact id: '8908a1a6f789eb7f8fd8e95f7cec540f') in 0.016549 seconds 
  Import took 0.022236 seconds .

========================================================================
Received Import Request.
  Time since last request: 276.102791 seconds.
  path: Assets/VFX/_NgchipvGodVFX/Demeter/Source/T_GrassFlower.png
  artifactKey: Guid(2a1d6b6c34b7ad84a8479f8bccf34010) Importer(815301076,1909f56bfc062723c751e8b465ee728b)
Start importing Assets/VFX/_NgchipvGodVFX/Demeter/Source/T_GrassFlower.png using Guid(2a1d6b6c34b7ad84a8479f8bccf34010) Importer(815301076,1909f56bfc062723c751e8b465ee728b)  -> (artifact id: '0a078fe862329809de2d70e47418910a') in 0.011393 seconds 
  Import took 0.019162 seconds .

========================================================================
Received Import Request.
  Time since last request: 4.307058 seconds.
  path: Assets/VFX/_NgchipvGodVFX/Demeter/Source/T_GrassFlower.png
  artifactKey: Guid(2a1d6b6c34b7ad84a8479f8bccf34010) Importer(815301076,1909f56bfc062723c751e8b465ee728b)
Start importing Assets/VFX/_NgchipvGodVFX/Demeter/Source/T_GrassFlower.png using Guid(2a1d6b6c34b7ad84a8479f8bccf34010) Importer(815301076,1909f56bfc062723c751e8b465ee728b)  -> (artifact id: '2f8ea2508ee41afb60960c0d2614da54') in 0.015856 seconds 
  Import took 0.022054 seconds .

========================================================================
Received Import Request.
  Time since last request: 66.139696 seconds.
  path: Assets/VFX/_NgchipvGodVFX/Demeter/Source/M_Flower.mat
  artifactKey: Guid(c377c097b8cf1c245b9638f0a41cd078) Importer(815301076,1909f56bfc062723c751e8b465ee728b)
Start importing Assets/VFX/_NgchipvGodVFX/Demeter/Source/M_Flower.mat using Guid(c377c097b8cf1c245b9638f0a41cd078) Importer(815301076,1909f56bfc062723c751e8b465ee728b)  -> (artifact id: '3499cccf7432da68c729bb275d6ef4f5') in 0.012953 seconds 
  Import took 0.019739 seconds .

========================================================================
Received Prepare
Registering precompiled user dll's ...
Registered in 0.020363 seconds.
Begin MonoManager ReloadAssembly
Native extension for WindowsStandalone target not found
Refreshing native plugins compatible for Editor in 1.29 ms, found 4 plugins.
Preloading 0 native plugins for Editor in 0.00 ms.
Mono: successfully reloaded assembly
- Completed reload, in  1.200 seconds
Domain Reload Profiling:
	ReloadAssembly (1201ms)
		BeginReloadAssembly (158ms)
			ExecutionOrderSort (0ms)
			DisableScriptedObjects (8ms)
			BackupInstance (0ms)
			ReleaseScriptingObjects (0ms)
			CreateAndSetChildDomain (68ms)
		EndReloadAssembly (984ms)
			LoadAssemblies (91ms)
			RebuildTransferFunctionScriptingTraits (0ms)
			SetupTypeCache (381ms)
			ReleaseScriptCaches (2ms)
			RebuildScriptCaches (67ms)
			SetupLoadedEditorAssemblies (302ms)
				LogAssemblyErrors (0ms)
				InitializePlatformSupportModulesInManaged (3ms)
				SetLoadedEditorAssemblies (1ms)
				RefreshPlugins (1ms)
				BeforeProcessingInitializeOnLoad (93ms)
				ProcessInitializeOnLoadAttributes (191ms)
				ProcessInitializeOnLoadMethodAttributes (10ms)
				AfterProcessingInitializeOnLoad (2ms)
				EditorAssembliesLoaded (0ms)
			ExecutionOrderSort2 (0ms)
			AwakeInstancesAfterBackupRestoration (15ms)
Platform modules already initialized, skipping
Refreshing native plugins compatible for Editor in 1.10 ms, found 4 plugins.
Preloading 0 native plugins for Editor in 0.00 ms.
Unloading 3730 Unused Serialized files (Serialized files now loaded: 0)
System memory in use before: 162.4 MB.
System memory in use after: 162.7 MB.

Unloading 30 unused Assets to reduce memory usage. Loaded Objects now: 4386.
Total: 3.693000 ms (FindLiveObjects: 0.358900 ms CreateObjectMapping: 0.265600 ms MarkObjects: 3.041900 ms  DeleteObjects: 0.025600 ms)

AssetImportParameters requested are different than current active one (requested -> active):
  custom:framework-win-MediaFoundation: 216162199b28c13a410421893ffa2e32 -> 
  custom:video-decoder-ogg-theora: a1e56fd34408186e4bbccfd4996cb3dc -> 
  custom:container-muxer-webm: aa71ff27fc2769a1b78a27578f13a17b -> 
  custom:container-demuxer-webm: 4f35f7cbe854078d1ac9338744f61a02 -> 
  custom:container-demuxer-ogg: 62fdf1f143b41e24485cea50d1cbac27 -> 
  custom:video-encoder-webm-vp8: eb34c28f22e8b96e1ab97ce403110664 -> 
  custom:video-decoder-webm-vp8: 9c59270c3fd7afecdb556c50c9e8de78 -> 
  custom:audio-decoder-ogg-vorbis: bf7c407c2cedff20999df2af8eb42d56 -> 
  custom:audio-encoder-webm-vorbis: bf7c407c2cedff20999df2af8eb42d56 -> 
========================================================================
Received Prepare
Registering precompiled user dll's ...
Registered in 0.005156 seconds.
Begin MonoManager ReloadAssembly
Native extension for WindowsStandalone target not found
Refreshing native plugins compatible for Editor in 1.40 ms, found 4 plugins.
Preloading 0 native plugins for Editor in 0.00 ms.
Mono: successfully reloaded assembly
- Completed reload, in  1.084 seconds
Domain Reload Profiling:
	ReloadAssembly (1084ms)
		BeginReloadAssembly (112ms)
			ExecutionOrderSort (0ms)
			DisableScriptedObjects (5ms)
			BackupInstance (0ms)
			ReleaseScriptingObjects (0ms)
			CreateAndSetChildDomain (39ms)
		EndReloadAssembly (918ms)
			LoadAssemblies (86ms)
			RebuildTransferFunctionScriptingTraits (0ms)
			SetupTypeCache (347ms)
			ReleaseScriptCaches (2ms)
			RebuildScriptCaches (64ms)
			SetupLoadedEditorAssemblies (281ms)
				LogAssemblyErrors (0ms)
				InitializePlatformSupportModulesInManaged (4ms)
				SetLoadedEditorAssemblies (1ms)
				RefreshPlugins (1ms)
				BeforeProcessingInitializeOnLoad (86ms)
				ProcessInitializeOnLoadAttributes (176ms)
				ProcessInitializeOnLoadMethodAttributes (10ms)
				AfterProcessingInitializeOnLoad (2ms)
				EditorAssembliesLoaded (0ms)
			ExecutionOrderSort2 (0ms)
			AwakeInstancesAfterBackupRestoration (14ms)
Platform modules already initialized, skipping
Refreshing native plugins compatible for Editor in 1.01 ms, found 4 plugins.
Preloading 0 native plugins for Editor in 0.00 ms.
Unloading 3730 Unused Serialized files (Serialized files now loaded: 0)
System memory in use before: 162.5 MB.
System memory in use after: 162.7 MB.

Unloading 30 unused Assets to reduce memory usage. Loaded Objects now: 4388.
Total: 3.299100 ms (FindLiveObjects: 0.444300 ms CreateObjectMapping: 0.288400 ms MarkObjects: 2.545000 ms  DeleteObjects: 0.020400 ms)

AssetImportParameters requested are different than current active one (requested -> active):
  custom:framework-win-MediaFoundation: 216162199b28c13a410421893ffa2e32 -> 
  custom:video-decoder-ogg-theora: a1e56fd34408186e4bbccfd4996cb3dc -> 
  custom:container-muxer-webm: aa71ff27fc2769a1b78a27578f13a17b -> 
  custom:container-demuxer-webm: 4f35f7cbe854078d1ac9338744f61a02 -> 
  custom:container-demuxer-ogg: 62fdf1f143b41e24485cea50d1cbac27 -> 
  custom:video-encoder-webm-vp8: eb34c28f22e8b96e1ab97ce403110664 -> 
  custom:video-decoder-webm-vp8: 9c59270c3fd7afecdb556c50c9e8de78 -> 
  custom:audio-decoder-ogg-vorbis: bf7c407c2cedff20999df2af8eb42d56 -> 
  custom:audio-encoder-webm-vorbis: bf7c407c2cedff20999df2af8eb42d56 -> 
AssetImportWorkerClient::OnTransportError - code=2 error=End of file
