Using pre-set license
Built from '2020.3/staging' branch; Version is '2020.3.25f1 (9b9180224418) revision 10195328'; Using compiler version '192528614'; Build Type 'Release'
OS: 'Windows 10  (10.0.19044) 64bit Enterprise' Language: 'en' Physical Memory: 16259 MB
BatchMode: 1, IsHumanControllingUs: 0, StartBugReporterOnCrash: 0, Is64bit: 1, IsPro: 0

COMMAND LINE ARGUMENTS:
D:\Unity\Unity Editor\2020.3.25f1\Editor\Unity.exe
-adb2
-batchMode
-noUpm
-name
AssetImportWorker1
-projectPath
E:/Working 2/Myth/MythVFX
-logFile
Logs/AssetImportWorker1.log
-srvPort
54621
Successfully changed project path to: E:/Working 2/Myth/MythVFX
E:/Working 2/Myth/MythVFX
Using Asset Import Pipeline V2.
Refreshing native plugins compatible for Editor in 130.26 ms, found 3 plugins.
Preloading 0 native plugins for Editor in 0.00 ms.
Initialize engine version: 2020.3.25f1 (9b9180224418)
[Subsystems] Discovering subsystems at path D:/Unity/Unity Editor/2020.3.25f1/Editor/Data/Resources/UnitySubsystems
[Subsystems] Discovering subsystems at path E:/Working 2/Myth/MythVFX/Assets
GfxDevice: creating device client; threaded=0
Direct3D:
    Version:  Direct3D 11.0 [level 11.1]
    Renderer: NVIDIA GeForce GTX 1050 (ID=0x1c8d)
    Vendor:   
    VRAM:     4021 MB
    Driver:   30.0.14.7284
Initialize mono
Mono path[0] = 'D:/Unity/Unity Editor/2020.3.25f1/Editor/Data/Managed'
Mono path[1] = 'D:/Unity/Unity Editor/2020.3.25f1/Editor/Data/MonoBleedingEdge/lib/mono/unityjit'
Mono config path = 'D:/Unity/Unity Editor/2020.3.25f1/Editor/Data/MonoBleedingEdge/etc'
Using monoOptions --debugger-agent=transport=dt_socket,embedding=1,server=y,suspend=n,address=127.0.0.1:56812
Begin MonoManager ReloadAssembly
Registering precompiled unity dll's ...
Register platform support module: D:/Unity/Unity Editor/2020.3.25f1/Editor/Data/PlaybackEngines/WindowsStandaloneSupport/UnityEditor.WindowsStandalone.Extensions.dll
Registered in 0.002616 seconds.
Native extension for WindowsStandalone target not found
Refreshing native plugins compatible for Editor in 130.68 ms, found 3 plugins.
Preloading 0 native plugins for Editor in 0.01 ms.
Mono: successfully reloaded assembly
- Completed reload, in  0.882 seconds
Domain Reload Profiling:
	ReloadAssembly (883ms)
		BeginReloadAssembly (77ms)
			ExecutionOrderSort (0ms)
			DisableScriptedObjects (0ms)
			BackupInstance (0ms)
			ReleaseScriptingObjects (0ms)
			CreateAndSetChildDomain (1ms)
		EndReloadAssembly (708ms)
			LoadAssemblies (76ms)
			RebuildTransferFunctionScriptingTraits (0ms)
			SetupTypeCache (213ms)
			ReleaseScriptCaches (0ms)
			RebuildScriptCaches (41ms)
			SetupLoadedEditorAssemblies (314ms)
				LogAssemblyErrors (0ms)
				InitializePlatformSupportModulesInManaged (6ms)
				SetLoadedEditorAssemblies (0ms)
				RefreshPlugins (132ms)
				BeforeProcessingInitializeOnLoad (21ms)
				ProcessInitializeOnLoadAttributes (113ms)
				ProcessInitializeOnLoadMethodAttributes (41ms)
				AfterProcessingInitializeOnLoad (0ms)
				EditorAssembliesLoaded (0ms)
			ExecutionOrderSort2 (0ms)
			AwakeInstancesAfterBackupRestoration (0ms)
Platform modules already initialized, skipping
Registering precompiled user dll's ...
Registered in 0.006010 seconds.
Begin MonoManager ReloadAssembly
Native extension for WindowsStandalone target not found
Refreshing native plugins compatible for Editor in 164.69 ms, found 3 plugins.
Preloading 0 native plugins for Editor in 0.00 ms.
Mono: successfully reloaded assembly
- Completed reload, in  1.974 seconds
Domain Reload Profiling:
	ReloadAssembly (1975ms)
		BeginReloadAssembly (202ms)
			ExecutionOrderSort (0ms)
			DisableScriptedObjects (6ms)
			BackupInstance (0ms)
			ReleaseScriptingObjects (0ms)
			CreateAndSetChildDomain (24ms)
		EndReloadAssembly (1676ms)
			LoadAssemblies (140ms)
			RebuildTransferFunctionScriptingTraits (0ms)
			SetupTypeCache (534ms)
			ReleaseScriptCaches (1ms)
			RebuildScriptCaches (151ms)
			SetupLoadedEditorAssemblies (684ms)
				LogAssemblyErrors (0ms)
				InitializePlatformSupportModulesInManaged (5ms)
				SetLoadedEditorAssemblies (0ms)
				RefreshPlugins (165ms)
				BeforeProcessingInitializeOnLoad (130ms)
				ProcessInitializeOnLoadAttributes (365ms)
				ProcessInitializeOnLoadMethodAttributes (16ms)
				AfterProcessingInitializeOnLoad (3ms)
				EditorAssembliesLoaded (0ms)
			ExecutionOrderSort2 (0ms)
			AwakeInstancesAfterBackupRestoration (11ms)
Platform modules already initialized, skipping
========================================================================
Worker process is ready to serve import requests
Launched and connected shader compiler UnityShaderCompiler.exe after 0.10 seconds
Refreshing native plugins compatible for Editor in 9.53 ms, found 3 plugins.
Preloading 0 native plugins for Editor in 0.00 ms.
Unloading 4329 Unused Serialized files (Serialized files now loaded: 0)
System memory in use before: 333.7 MB.
System memory in use after: 334.0 MB.

Unloading 25 unused Assets to reduce memory usage. Loaded Objects now: 4875.
Total: 5.193800 ms (FindLiveObjects: 0.489600 ms CreateObjectMapping: 0.402300 ms MarkObjects: 3.994000 ms  DeleteObjects: 0.305400 ms)

AssetImportParameters requested are different than current active one (requested -> active):
  custom:framework-win-MediaFoundation: 216162199b28c13a410421893ffa2e32 -> 
  custom:video-decoder-ogg-theora: a1e56fd34408186e4bbccfd4996cb3dc -> 
  custom:container-muxer-webm: aa71ff27fc2769a1b78a27578f13a17b -> 
  custom:container-demuxer-webm: 4f35f7cbe854078d1ac9338744f61a02 -> 
  custom:container-demuxer-ogg: 62fdf1f143b41e24485cea50d1cbac27 -> 
  custom:video-encoder-webm-vp8: eb34c28f22e8b96e1ab97ce403110664 -> 
  custom:video-decoder-webm-vp8: 9c59270c3fd7afecdb556c50c9e8de78 -> 
  custom:audio-decoder-ogg-vorbis: bf7c407c2cedff20999df2af8eb42d56 -> 
  custom:audio-encoder-webm-vorbis: bf7c407c2cedff20999df2af8eb42d56 -> 
========================================================================
Received Import Request.
  path: Assets/VFX/_NgchipvGodVFX/Hades
  artifactKey: Guid(9abb9e5f288aaab479fc4a6fc7eeeb29) Importer(815301076,1909f56bfc062723c751e8b465ee728b)
Start importing Assets/VFX/_NgchipvGodVFX/Hades using Guid(9abb9e5f288aaab479fc4a6fc7eeeb29) Importer(815301076,1909f56bfc062723c751e8b465ee728b)  -> (artifact id: 'ffffd579c8aca20778d641a35255c3c7') in 0.017671 seconds 
  Import took 0.049062 seconds .

========================================================================
Received Import Request.
  Time since last request: 449.196142 seconds.
  path: Assets/VFX/_NgchipvGodVFX/Hades/Hades_Anim.fbx
  artifactKey: Guid(070416f79db89e94e9e034349faca12f) Importer(815301076,1909f56bfc062723c751e8b465ee728b)
Start importing Assets/VFX/_NgchipvGodVFX/Hades/Hades_Anim.fbx using Guid(070416f79db89e94e9e034349faca12f) Importer(815301076,1909f56bfc062723c751e8b465ee728b)  -> (artifact id: '0c96b83477673254416d7849632f5301') in 0.742243 seconds 
  Import took 0.811028 seconds .

========================================================================
Received Import Request.
  Time since last request: 6.309402 seconds.
  path: Assets/VFX/_NgchipvGodVFX/Hades/Source
  artifactKey: Guid(7d84a0131f3fa6244a20e5a04b122ea5) Importer(815301076,1909f56bfc062723c751e8b465ee728b)
Start importing Assets/VFX/_NgchipvGodVFX/Hades/Source using Guid(7d84a0131f3fa6244a20e5a04b122ea5) Importer(815301076,1909f56bfc062723c751e8b465ee728b)  -> (artifact id: '79d7b4e4e3413d4c1b4584433c83b7db') in 0.022281 seconds 
  Import took 0.063697 seconds .

========================================================================
Received Import Request.
  Time since last request: 30.088126 seconds.
  path: Assets/VFX/_NgchipvGodVFX/Hades/Source/Hades.prefab
  artifactKey: Guid(88079506d9c5efc4197cbd46bcbcd986) Importer(815301076,1909f56bfc062723c751e8b465ee728b)
Start importing Assets/VFX/_NgchipvGodVFX/Hades/Source/Hades.prefab using Guid(88079506d9c5efc4197cbd46bcbcd986) Importer(815301076,1909f56bfc062723c751e8b465ee728b)  -> (artifact id: '16f5c04dabce97372a55fbc7128c1da8') in 0.020146 seconds 
  Import took 0.082778 seconds .

========================================================================
Received Import Request.
  Time since last request: 6.564821 seconds.
  path: Assets/VFX/_NgchipvGodVFX/Hades/Source/Hades.prefab
  artifactKey: Guid(88079506d9c5efc4197cbd46bcbcd986) Importer(815301076,1909f56bfc062723c751e8b465ee728b)
Start importing Assets/VFX/_NgchipvGodVFX/Hades/Source/Hades.prefab using Guid(88079506d9c5efc4197cbd46bcbcd986) Importer(815301076,1909f56bfc062723c751e8b465ee728b)  -> (artifact id: '640b643ac817198d88f6910ac034c807') in 0.019700 seconds 
  Import took 0.079825 seconds .

========================================================================
Received Import Request.
  Time since last request: 3.199386 seconds.
  path: Assets/VFX/_NgchipvGodVFX/Hades/Source/Hades.prefab
  artifactKey: Guid(88079506d9c5efc4197cbd46bcbcd986) Importer(815301076,1909f56bfc062723c751e8b465ee728b)
Start importing Assets/VFX/_NgchipvGodVFX/Hades/Source/Hades.prefab using Guid(88079506d9c5efc4197cbd46bcbcd986) Importer(815301076,1909f56bfc062723c751e8b465ee728b)  -> (artifact id: '683e2a176abc95e9cb1bbc83520de33f') in 0.019341 seconds 
  Import took 0.317125 seconds .

========================================================================
Received Import Request.
  Time since last request: 3.364275 seconds.
  path: Assets/VFX/_NgchipvGodVFX/Hades/Source/Hades.prefab
  artifactKey: Guid(88079506d9c5efc4197cbd46bcbcd986) Importer(815301076,1909f56bfc062723c751e8b465ee728b)
Start importing Assets/VFX/_NgchipvGodVFX/Hades/Source/Hades.prefab using Guid(88079506d9c5efc4197cbd46bcbcd986) Importer(815301076,1909f56bfc062723c751e8b465ee728b)  -> (artifact id: 'e8b1cbffc76fbe703d129ce437fe8b68') in 0.020123 seconds 
  Import took 0.057919 seconds .

========================================================================
Received Import Request.
  Time since last request: 43.545445 seconds.
  path: Assets/VFX/_NgchipvGodVFX/Hades/Source/ArrowTextures.png
  artifactKey: Guid(5e9dfda2c3425af44ad4e61e98da10b8) Importer(815301076,1909f56bfc062723c751e8b465ee728b)
Start importing Assets/VFX/_NgchipvGodVFX/Hades/Source/ArrowTextures.png using Guid(5e9dfda2c3425af44ad4e61e98da10b8) Importer(815301076,1909f56bfc062723c751e8b465ee728b)  -> (artifact id: 'e9b2f8c766bce8dcc83e27ce811aa88a') in 0.043204 seconds 
  Import took 0.087685 seconds .

========================================================================
Received Import Request.
  Time since last request: 0.000314 seconds.
  path: Assets/VFX/_NgchipvGodVFX/Hades/Source/ChainTextures.png
  artifactKey: Guid(e62aeff4f557f384598c93363be79a8c) Importer(815301076,1909f56bfc062723c751e8b465ee728b)
Start importing Assets/VFX/_NgchipvGodVFX/Hades/Source/ChainTextures.png using Guid(e62aeff4f557f384598c93363be79a8c) Importer(815301076,1909f56bfc062723c751e8b465ee728b)  -> (artifact id: '7e14bd656b6c36db974e31a2d3393767') in 0.013824 seconds 
  Import took 0.051919 seconds .

========================================================================
Received Import Request.
  Time since last request: 9.992747 seconds.
  path: Assets/VFX/_NgchipvGodVFX/Hades/Source/M_Chain.mat
  artifactKey: Guid(bb7531a86f62c374fb4850f97eed59ca) Importer(815301076,1909f56bfc062723c751e8b465ee728b)
Start importing Assets/VFX/_NgchipvGodVFX/Hades/Source/M_Chain.mat using Guid(bb7531a86f62c374fb4850f97eed59ca) Importer(815301076,1909f56bfc062723c751e8b465ee728b)  -> (artifact id: 'a0a7094fdf3e28a5ac33776a20cd358b') in 0.033530 seconds 
  Import took 0.116331 seconds .

========================================================================
Received Import Request.
  Time since last request: 6.886078 seconds.
  path: Assets/VFX/_NgchipvGodVFX/Hades/Source/ArrowTextures.png
  artifactKey: Guid(5e9dfda2c3425af44ad4e61e98da10b8) Importer(815301076,1909f56bfc062723c751e8b465ee728b)
Start importing Assets/VFX/_NgchipvGodVFX/Hades/Source/ArrowTextures.png using Guid(5e9dfda2c3425af44ad4e61e98da10b8) Importer(815301076,1909f56bfc062723c751e8b465ee728b)  -> (artifact id: 'e40afdfcaf7e83c656cb2c44c9fb677e') in 0.010525 seconds 
  Import took 0.034133 seconds .

========================================================================
Received Import Request.
  Time since last request: 0.000279 seconds.
  path: Assets/VFX/_NgchipvGodVFX/Hades/Source/ChainTextures.png
  artifactKey: Guid(e62aeff4f557f384598c93363be79a8c) Importer(815301076,1909f56bfc062723c751e8b465ee728b)
Start importing Assets/VFX/_NgchipvGodVFX/Hades/Source/ChainTextures.png using Guid(e62aeff4f557f384598c93363be79a8c) Importer(815301076,1909f56bfc062723c751e8b465ee728b)  -> (artifact id: '4875ed3a30390547d0bbc8ce5aea229a') in 0.007032 seconds 
  Import took 0.070057 seconds .

========================================================================
Received Import Request.
  Time since last request: 12.642015 seconds.
  path: Assets/VFX/_NgchipvGodVFX/Hades/Source/M_Chain 1.mat
  artifactKey: Guid(7487d566fc83d3c4cbe9957cd8018389) Importer(815301076,1909f56bfc062723c751e8b465ee728b)
Start importing Assets/VFX/_NgchipvGodVFX/Hades/Source/M_Chain 1.mat using Guid(7487d566fc83d3c4cbe9957cd8018389) Importer(815301076,1909f56bfc062723c751e8b465ee728b)  -> (artifact id: '8445f4312d8aca8c8a8dfbc024b8e897') in 0.016817 seconds 
  Import took 0.138748 seconds .

========================================================================
Received Import Request.
  Time since last request: 0.000215 seconds.
  path: Assets/VFX/_NgchipvGodVFX/Hades/Source/M_Chain.mat
  artifactKey: Guid(bb7531a86f62c374fb4850f97eed59ca) Importer(815301076,1909f56bfc062723c751e8b465ee728b)
Start importing Assets/VFX/_NgchipvGodVFX/Hades/Source/M_Chain.mat using Guid(bb7531a86f62c374fb4850f97eed59ca) Importer(815301076,1909f56bfc062723c751e8b465ee728b)  -> (artifact id: '7fd6c78b5f7f16412ba295d88cc7a411') in 0.012868 seconds 
  Import took 0.046615 seconds .

========================================================================
Received Import Request.
  Time since last request: 5.083095 seconds.
  path: Assets/VFX/_NgchipvGodVFX/Hades/Source/M_ArrowChain.mat
  artifactKey: Guid(7487d566fc83d3c4cbe9957cd8018389) Importer(815301076,1909f56bfc062723c751e8b465ee728b)
Start importing Assets/VFX/_NgchipvGodVFX/Hades/Source/M_ArrowChain.mat using Guid(7487d566fc83d3c4cbe9957cd8018389) Importer(815301076,1909f56bfc062723c751e8b465ee728b)  -> (artifact id: '7255f0ef2d20c51f5227b9cd44d44b85') in 0.013489 seconds 
  Import took 0.068560 seconds .

========================================================================
Received Import Request.
  Time since last request: 24.609890 seconds.
  path: Assets/VFX/_NgchipvGodVFX/Hades/Source/Hades.prefab
  artifactKey: Guid(88079506d9c5efc4197cbd46bcbcd986) Importer(815301076,1909f56bfc062723c751e8b465ee728b)
Start importing Assets/VFX/_NgchipvGodVFX/Hades/Source/Hades.prefab using Guid(88079506d9c5efc4197cbd46bcbcd986) Importer(815301076,1909f56bfc062723c751e8b465ee728b)  -> (artifact id: 'f295a408afbb0cfa598b36e4c21a8808') in 0.020510 seconds 
  Import took 0.075140 seconds .

========================================================================
Received Import Request.
  Time since last request: 0.000400 seconds.
  path: Assets/VFX/_NgchipvGodVFX/Hades/Source/Hades_Anim.fbx
  artifactKey: Guid(070416f79db89e94e9e034349faca12f) Importer(815301076,1909f56bfc062723c751e8b465ee728b)
Start importing Assets/VFX/_NgchipvGodVFX/Hades/Source/Hades_Anim.fbx using Guid(070416f79db89e94e9e034349faca12f) Importer(815301076,1909f56bfc062723c751e8b465ee728b)  -> (artifact id: '059a5b97f14c856e3b08cb3737bda703') in 0.138086 seconds 
  Import took 0.234790 seconds .

========================================================================
Received Import Request.
  Time since last request: 43.115593 seconds.
  path: Assets/VFX/_NgchipvGodVFX/Hades/Source/Hades_Apear.controller
  artifactKey: Guid(ce28e4dcb29368b4d87caddb3362336a) Importer(815301076,1909f56bfc062723c751e8b465ee728b)
Start importing Assets/VFX/_NgchipvGodVFX/Hades/Source/Hades_Apear.controller using Guid(ce28e4dcb29368b4d87caddb3362336a) Importer(815301076,1909f56bfc062723c751e8b465ee728b)  -> (artifact id: '90e34b535e2729df7c22e4a435e5d5bd') in 0.007407 seconds 
  Import took 0.048789 seconds .

========================================================================
Received Import Request.
  Time since last request: 24.736259 seconds.
  path: Assets/VFX/_NgchipvGodVFX/Hades/Source/Hades.prefab
  artifactKey: Guid(88079506d9c5efc4197cbd46bcbcd986) Importer(815301076,1909f56bfc062723c751e8b465ee728b)
Start importing Assets/VFX/_NgchipvGodVFX/Hades/Source/Hades.prefab using Guid(88079506d9c5efc4197cbd46bcbcd986) Importer(815301076,1909f56bfc062723c751e8b465ee728b)  -> (artifact id: 'ba42530b438cef1d1fe35fe31d28766f') in 0.029591 seconds 
  Import took 0.107524 seconds .

========================================================================
Received Import Request.
  Time since last request: 0.000419 seconds.
  path: Assets/VFX/_NgchipvGodVFX/Hades/Source/Hades_Anim.fbx
  artifactKey: Guid(070416f79db89e94e9e034349faca12f) Importer(815301076,1909f56bfc062723c751e8b465ee728b)
Start importing Assets/VFX/_NgchipvGodVFX/Hades/Source/Hades_Anim.fbx using Guid(070416f79db89e94e9e034349faca12f) Importer(815301076,1909f56bfc062723c751e8b465ee728b)  -> (artifact id: '234d74c0e7afcf9bbefb02001663b17b') in 0.150037 seconds 
  Import took 0.239963 seconds .

========================================================================
Received Prepare
Registering precompiled user dll's ...
Registered in 0.191314 seconds.
Begin MonoManager ReloadAssembly
Native extension for WindowsStandalone target not found
Refreshing native plugins compatible for Editor in 1.55 ms, found 3 plugins.
Preloading 0 native plugins for Editor in 0.00 ms.
Mono: successfully reloaded assembly
- Completed reload, in  6.307 seconds
Domain Reload Profiling:
	ReloadAssembly (6502ms)
		BeginReloadAssembly (4304ms)
			ExecutionOrderSort (23ms)
			DisableScriptedObjects (443ms)
			BackupInstance (0ms)
			ReleaseScriptingObjects (34ms)
			CreateAndSetChildDomain (2955ms)
		EndReloadAssembly (1919ms)
			LoadAssemblies (258ms)
			RebuildTransferFunctionScriptingTraits (0ms)
			SetupTypeCache (664ms)
			ReleaseScriptCaches (2ms)
			RebuildScriptCaches (198ms)
			SetupLoadedEditorAssemblies (490ms)
				LogAssemblyErrors (0ms)
				InitializePlatformSupportModulesInManaged (5ms)
				SetLoadedEditorAssemblies (1ms)
				RefreshPlugins (2ms)
				BeforeProcessingInitializeOnLoad (147ms)
				ProcessInitializeOnLoadAttributes (313ms)
				ProcessInitializeOnLoadMethodAttributes (21ms)
				AfterProcessingInitializeOnLoad (3ms)
				EditorAssembliesLoaded (0ms)
			ExecutionOrderSort2 (0ms)
			AwakeInstancesAfterBackupRestoration (25ms)
Platform modules already initialized, skipping
Refreshing native plugins compatible for Editor in 1.13 ms, found 3 plugins.
Preloading 0 native plugins for Editor in 0.00 ms.
Unloading 3916 Unused Serialized files (Serialized files now loaded: 0)
System memory in use before: 315.2 MB.
System memory in use after: 315.4 MB.

Unloading 20 unused Assets to reduce memory usage. Loaded Objects now: 4962.
Total: 34.829700 ms (FindLiveObjects: 0.376100 ms CreateObjectMapping: 0.314800 ms MarkObjects: 34.087400 ms  DeleteObjects: 0.045400 ms)

AssetImportParameters requested are different than current active one (requested -> active):
  custom:framework-win-MediaFoundation: 216162199b28c13a410421893ffa2e32 -> 
  custom:video-decoder-ogg-theora: a1e56fd34408186e4bbccfd4996cb3dc -> 
  custom:container-muxer-webm: aa71ff27fc2769a1b78a27578f13a17b -> 
  custom:container-demuxer-webm: 4f35f7cbe854078d1ac9338744f61a02 -> 
  custom:container-demuxer-ogg: 62fdf1f143b41e24485cea50d1cbac27 -> 
  custom:video-encoder-webm-vp8: eb34c28f22e8b96e1ab97ce403110664 -> 
  custom:video-decoder-webm-vp8: 9c59270c3fd7afecdb556c50c9e8de78 -> 
  custom:audio-decoder-ogg-vorbis: bf7c407c2cedff20999df2af8eb42d56 -> 
  custom:audio-encoder-webm-vorbis: bf7c407c2cedff20999df2af8eb42d56 -> 
AssetImportWorkerClient::OnTransportError - code=2 error=End of file
