Using pre-set license
Built from '2020.3/staging' branch; Version is '2020.3.25f1 (9b9180224418) revision 10195328'; Using compiler version '192528614'; Build Type 'Release'
OS: 'Windows 10  (10.0.19043) 64bit Enterprise' Language: 'en' Physical Memory: 16300 MB
BatchMode: 1, IsHumanControllingUs: 0, StartBugReporterOnCrash: 0, Is64bit: 1, IsPro: 0

COMMAND LINE ARGUMENTS:
D:\UnityVersion\2020.3.25f1\Editor\Unity.exe
-adb2
-batchMode
-noUpm
-name
AssetImportWorker2
-projectPath
D:/GithubProject/MythVFX
-logFile
Logs/AssetImportWorker2.log
-srvPort
61978
Successfully changed project path to: D:/GithubProject/MythVFX
D:/GithubProject/MythVFX
Using Asset Import Pipeline V2.
Refreshing native plugins compatible for Editor in 99.04 ms, found 4 plugins.
Preloading 0 native plugins for Editor in 0.00 ms.
Initialize engine version: 2020.3.25f1 (9b9180224418)
[Subsystems] Discovering subsystems at path D:/UnityVersion/2020.3.25f1/Editor/Data/Resources/UnitySubsystems
[Subsystems] Discovering subsystems at path D:/GithubProject/MythVFX/Assets
GfxDevice: creating device client; threaded=0
Direct3D:
    Version:  Direct3D 11.0 [level 11.1]
    Renderer: NVIDIA GeForce GTX 1050 Ti (ID=0x1c82)
    Vendor:   
    VRAM:     4018 MB
    Driver:   30.0.15.1259
Initialize mono
Mono path[0] = 'D:/UnityVersion/2020.3.25f1/Editor/Data/Managed'
Mono path[1] = 'D:/UnityVersion/2020.3.25f1/Editor/Data/MonoBleedingEdge/lib/mono/unityjit'
Mono config path = 'D:/UnityVersion/2020.3.25f1/Editor/Data/MonoBleedingEdge/etc'
Using monoOptions --debugger-agent=transport=dt_socket,embedding=1,server=y,suspend=n,address=127.0.0.1:56856
Begin MonoManager ReloadAssembly
Registering precompiled unity dll's ...
Register platform support module: D:/UnityVersion/2020.3.25f1/Editor/Data/PlaybackEngines/WindowsStandaloneSupport/UnityEditor.WindowsStandalone.Extensions.dll
Registered in 0.000795 seconds.
Native extension for WindowsStandalone target not found
Refreshing native plugins compatible for Editor in 99.21 ms, found 4 plugins.
Preloading 0 native plugins for Editor in 0.00 ms.
Mono: successfully reloaded assembly
- Completed reload, in  0.555 seconds
Domain Reload Profiling:
	ReloadAssembly (555ms)
		BeginReloadAssembly (42ms)
			ExecutionOrderSort (0ms)
			DisableScriptedObjects (0ms)
			BackupInstance (0ms)
			ReleaseScriptingObjects (0ms)
			CreateAndSetChildDomain (1ms)
		EndReloadAssembly (457ms)
			LoadAssemblies (41ms)
			RebuildTransferFunctionScriptingTraits (0ms)
			SetupTypeCache (131ms)
			ReleaseScriptCaches (0ms)
			RebuildScriptCaches (27ms)
			SetupLoadedEditorAssemblies (212ms)
				LogAssemblyErrors (0ms)
				InitializePlatformSupportModulesInManaged (4ms)
				SetLoadedEditorAssemblies (0ms)
				RefreshPlugins (99ms)
				BeforeProcessingInitializeOnLoad (13ms)
				ProcessInitializeOnLoadAttributes (72ms)
				ProcessInitializeOnLoadMethodAttributes (25ms)
				AfterProcessingInitializeOnLoad (0ms)
				EditorAssembliesLoaded (0ms)
			ExecutionOrderSort2 (0ms)
			AwakeInstancesAfterBackupRestoration (0ms)
Platform modules already initialized, skipping
Registering precompiled user dll's ...
Registered in 0.004465 seconds.
Begin MonoManager ReloadAssembly
Native extension for WindowsStandalone target not found
Refreshing native plugins compatible for Editor in 109.01 ms, found 4 plugins.
Preloading 0 native plugins for Editor in 0.00 ms.
Mono: successfully reloaded assembly
- Completed reload, in  3.727 seconds
Domain Reload Profiling:
	ReloadAssembly (3728ms)
		BeginReloadAssembly (121ms)
			ExecutionOrderSort (0ms)
			DisableScriptedObjects (4ms)
			BackupInstance (0ms)
			ReleaseScriptingObjects (0ms)
			CreateAndSetChildDomain (17ms)
		EndReloadAssembly (3546ms)
			LoadAssemblies (2570ms)
			RebuildTransferFunctionScriptingTraits (0ms)
			SetupTypeCache (332ms)
			ReleaseScriptCaches (1ms)
			RebuildScriptCaches (94ms)
			SetupLoadedEditorAssemblies (439ms)
				LogAssemblyErrors (0ms)
				InitializePlatformSupportModulesInManaged (3ms)
				SetLoadedEditorAssemblies (0ms)
				RefreshPlugins (109ms)
				BeforeProcessingInitializeOnLoad (91ms)
				ProcessInitializeOnLoadAttributes (191ms)
				ProcessInitializeOnLoadMethodAttributes (43ms)
				AfterProcessingInitializeOnLoad (2ms)
				EditorAssembliesLoaded (0ms)
			ExecutionOrderSort2 (0ms)
			AwakeInstancesAfterBackupRestoration (6ms)
Platform modules already initialized, skipping
========================================================================
Worker process is ready to serve import requests
Launched and connected shader compiler UnityShaderCompiler.exe after 0.37 seconds
Refreshing native plugins compatible for Editor in 1.10 ms, found 4 plugins.
Preloading 0 native plugins for Editor in 0.00 ms.
Unloading 4562 Unused Serialized files (Serialized files now loaded: 0)
System memory in use before: 305.5 MB.
System memory in use after: 305.7 MB.

Unloading 35 unused Assets to reduce memory usage. Loaded Objects now: 5004.
Total: 3.695100 ms (FindLiveObjects: 0.351500 ms CreateObjectMapping: 0.253100 ms MarkObjects: 2.838800 ms  DeleteObjects: 0.250800 ms)

AssetImportParameters requested are different than current active one (requested -> active):
  custom:framework-win-MediaFoundation: 216162199b28c13a410421893ffa2e32 -> 
  custom:video-decoder-ogg-theora: a1e56fd34408186e4bbccfd4996cb3dc -> 
  custom:container-muxer-webm: aa71ff27fc2769a1b78a27578f13a17b -> 
  custom:container-demuxer-webm: 4f35f7cbe854078d1ac9338744f61a02 -> 
  custom:container-demuxer-ogg: 62fdf1f143b41e24485cea50d1cbac27 -> 
  custom:video-encoder-webm-vp8: eb34c28f22e8b96e1ab97ce403110664 -> 
  custom:video-decoder-webm-vp8: 9c59270c3fd7afecdb556c50c9e8de78 -> 
  custom:audio-decoder-ogg-vorbis: bf7c407c2cedff20999df2af8eb42d56 -> 
  custom:audio-encoder-webm-vorbis: bf7c407c2cedff20999df2af8eb42d56 -> 
========================================================================
Received Import Request.
  path: Assets/Emotion Theory/CircleLayoutGroup/Scripts/CircleLayoutGroup.cs
  artifactKey: Guid(1fc23296dabaaf04a9361f0836b4f978) Importer(815301076,1909f56bfc062723c751e8b465ee728b)
Start importing Assets/Emotion Theory/CircleLayoutGroup/Scripts/CircleLayoutGroup.cs using Guid(1fc23296dabaaf04a9361f0836b4f978) Importer(815301076,1909f56bfc062723c751e8b465ee728b)  -> (artifact id: 'fbf624064a113a412b8e36f1f07ee225') in 0.024635 seconds 
  Import took 0.061745 seconds .

========================================================================
Received Import Request.
  Time since last request: 0.052051 seconds.
  path: Assets/VFX/_NgchipvVFX/VFXBonus/FlipCardVFX/Prefab/Demo.unity
  artifactKey: Guid(12f158446cdbe8a4dbd23ce1c5b385df) Importer(815301076,1909f56bfc062723c751e8b465ee728b)
Start importing Assets/VFX/_NgchipvVFX/VFXBonus/FlipCardVFX/Prefab/Demo.unity using Guid(12f158446cdbe8a4dbd23ce1c5b385df) Importer(815301076,1909f56bfc062723c751e8b465ee728b)  -> (artifact id: 'a498511f264fc4059745986cd10ada13') in 0.029161 seconds 
  Import took 0.071557 seconds .

========================================================================
Received Import Request.
  Time since last request: 0.055167 seconds.
  path: Assets/VFX/_NgchipvVFX/VFXBonus/FlipCardVFX/Prefab
  artifactKey: Guid(7f2e0352da581694e8e8d32ce285d870) Importer(815301076,1909f56bfc062723c751e8b465ee728b)
Start importing Assets/VFX/_NgchipvVFX/VFXBonus/FlipCardVFX/Prefab using Guid(7f2e0352da581694e8e8d32ce285d870) Importer(815301076,1909f56bfc062723c751e8b465ee728b)  -> (artifact id: '065f798b9bf20496b9b0892d11a07374') in 0.020953 seconds 
  Import took 0.080890 seconds .

========================================================================
Received Import Request.
  Time since last request: 0.344841 seconds.
  path: Assets/VFX/_NgchipvVFX/VFXBonus/FlipCardVFX/Source/OutSideShader.shadergraph
  artifactKey: Guid(956cfa011db5c4c48900f8a4acb839c3) Importer(815301076,1909f56bfc062723c751e8b465ee728b)
Start importing Assets/VFX/_NgchipvVFX/VFXBonus/FlipCardVFX/Source/OutSideShader.shadergraph using Guid(956cfa011db5c4c48900f8a4acb839c3) Importer(815301076,1909f56bfc062723c751e8b465ee728b)  -> (artifact id: 'cbffab986aec3b43c694619263f0369a') in 0.002874 seconds 
  Import took 0.026430 seconds .

========================================================================
Received Import Request.
  Time since last request: 0.316024 seconds.
  path: Assets/VFX/_NgchipvVFX/VFXBonus/FlipCardVFX/Prefab/FlipCard.prefab
  artifactKey: Guid(6fb822f7cf0b17b4c88ff3eec152302e) Importer(815301076,1909f56bfc062723c751e8b465ee728b)
Start importing Assets/VFX/_NgchipvVFX/VFXBonus/FlipCardVFX/Prefab/FlipCard.prefab using Guid(6fb822f7cf0b17b4c88ff3eec152302e) Importer(815301076,1909f56bfc062723c751e8b465ee728b)  -> (artifact id: '8729ca311819b54f757f5a7b8cc55369') in 0.271862 seconds 
  Import took 0.297474 seconds .

========================================================================
Received Import Request.
  Time since last request: 0.105493 seconds.
  path: Assets/VFX/_NgchipvVFX/VFXBonus/FlipCardVFX/Demo/FlipCardVFX.anim
  artifactKey: Guid(1c5bfb05d0c6c9b46ac9df2338596390) Importer(815301076,1909f56bfc062723c751e8b465ee728b)
Start importing Assets/VFX/_NgchipvVFX/VFXBonus/FlipCardVFX/Demo/FlipCardVFX.anim using Guid(1c5bfb05d0c6c9b46ac9df2338596390) Importer(815301076,1909f56bfc062723c751e8b465ee728b)  -> (artifact id: '75fb028aea711aa549913be0b8a7b92a') in 0.037122 seconds 
  Import took 0.087723 seconds .

AssetImportWorkerClient::OnTransportError - code=2 error=End of file
